RUN	learngatling.SetUpUserLoad_foreverLoop	setupuserload-foreverloop	1549504339653	 	3.0.2
USER	SE1	1	START	1549504342521	1549504342521
USER	SE1	2	START	1549504342559	1549504342559
USER	SE2	4	START	1549504342563	1549504342563
USER	SE2	5	START	1549504342568	1549504342568
REQUEST	2		Homepage	1549504342560	1549504343685	OK	 
REQUEST	1		Homepage	1549504342550	1549504343686	OK	 
USER	SE1	3	START	1549504344575	1549504344575
REQUEST	3		Homepage	1549504344576	1549504345520	OK	 
USER	SE2	6	START	1549504345532	1549504345532
REQUEST	4		Homepage	1549504342567	1549504346491	OK	 
REQUEST	5		Homepage	1549504342569	1549504346521	OK	 
USER	SE1	7	START	1549504346531	1549504346531
REQUEST	6		Homepage	1549504345535	1549504346561	OK	 
REQUEST	7		Homepage	1549504346531	1549504347608	OK	 
USER	SE1	8	START	1549504348520	1549504348520
USER	SE2	9	START	1549504348520	1549504348520
REQUEST	8		Homepage	1549504348521	1549504349388	OK	 
REQUEST	9		Homepage	1549504348521	1549504350138	OK	 
USER	SE1	10	START	1549504350533	1549504350533
REQUEST	10		Homepage	1549504350534	1549504352607	OK	 
REQUEST	2		SearchFlight	1549504366215	1549504366503	OK	 
REQUEST	3		SearchFlight	1549504367670	1549504367957	OK	 
REQUEST	1		SearchFlight	1549504371615	1549504371896	OK	 
REQUEST	8		SearchFlight	1549504373693	1549504373930	OK	 
REQUEST	7		SearchFlight	1549504373282	1549504373968	OK	 
REQUEST	10		SearchFlight	1549504373774	1549504374062	OK	 
REQUEST	2		Homepage	1549504378004	1549504378292	OK	 
REQUEST	3		Homepage	1549504379533	1549504379803	OK	 
REQUEST	1		Homepage	1549504383394	1549504383662	OK	 
REQUEST	4		SearchFlight	1549504383667	1549504383961	OK	 
REQUEST	5		SearchFlight	1549504383826	1549504384117	OK	 
REQUEST	6		SearchFlight	1549504384064	1549504384346	OK	 
REQUEST	9		SearchFlight	1549504384846	1549504385135	OK	 
REQUEST	8		Homepage	1549504385385	1549504385620	OK	 
REQUEST	7		Homepage	1549504385454	1549504385707	OK	 
REQUEST	10		Homepage	1549504385585	1549504385855	OK	 
REQUEST	2		SearchFlight	1549504389761	1549504390036	OK	 
REQUEST	3		SearchFlight	1549504391314	1549504391597	OK	 
REQUEST	1		SearchFlight	1549504395451	1549504395801	OK	 
REQUEST	4		SelectFlight	1549504395495	1549504395814	OK	 
REQUEST	6		SelectFlight	1549504396264	1549504396587	OK	 
REQUEST	5		SelectFlight	1549504396583	1549504396866	OK	 
REQUEST	9		SelectFlight	1549504396701	1549504396985	OK	 
REQUEST	8		SearchFlight	1549504397062	1549504397303	OK	 
REQUEST	7		SearchFlight	1549504397189	1549504397466	OK	 
REQUEST	10		SearchFlight	1549504397761	1549504398420	OK	 
REQUEST	2		Homepage	1549504401513	1549504401776	OK	 
