RUN	learngatling.SetUpUserLoadConstantConcurrentUser	setupuserloadconstantconcurrentuser	1549501832406	 	3.0.2
ERROR	Homepage: Failed to build request: No baseUrl defined but provided url is relative : / 	1549501836206
USER	SE1	1	START	1549501836189	1549501836189
USER	SE2	2	START	1549501836226	1549501836226
ERROR	request_2: Failed to build request: No baseUrl defined but provided url is relative : /favicon.ico 	1549501837244
REQUEST	2		Homepage	1549501836250	1549501837346	OK	 
USER	SE2	3	START	1549501838174	1549501838174
ERROR	Homepage: Failed to build request: No baseUrl defined but provided url is relative : / 	1549501839174
USER	SE1	4	START	1549501839172	1549501839172
REQUEST	3		Homepage	1549501838176	1549501839385	OK	 
ERROR	request_2: Failed to build request: No baseUrl defined but provided url is relative : /favicon.ico 	1549501840193
USER	SE2	5	START	1549501841174	1549501841174
REQUEST	5		Homepage	1549501841176	1549501842248	OK	 
ERROR	Homepage: Failed to build request: No baseUrl defined but provided url is relative : / 	1549501843174
USER	SE1	6	START	1549501843173	1549501843173
USER	SE2	7	START	1549501843176	1549501843176
ERROR	request_2: Failed to build request: No baseUrl defined but provided url is relative : /favicon.ico 	1549501844193
REQUEST	7		Homepage	1549501843178	1549501844504	OK	 
ERROR	Homepage: Failed to build request: No baseUrl defined but provided url is relative : / 	1549501846184
USER	SE1	8	START	1549501846183	1549501846183
ERROR	request_2: Failed to build request: No baseUrl defined but provided url is relative : /favicon.ico 	1549501847200
ERROR	SearchFlight: Failed to build request: No baseUrl defined but provided url is relative : /flights?utf8=%E2%9C%93&from=1&to=2&date=2015-01-03&num_passengers=2&commit=search 	1549501847233
ERROR	request_6: Failed to build request: No baseUrl defined but provided url is relative : /favicon.ico 	1549501848241
ERROR	Homepage: Failed to build request: No baseUrl defined but provided url is relative : / 	1549501849161
USER	SE1	9	START	1549501849160	1549501849160
ERROR	request_2: Failed to build request: No baseUrl defined but provided url is relative : /favicon.ico 	1549501850184
ERROR	SearchFlight: Failed to build request: No baseUrl defined but provided url is relative : /flights?utf8=%E2%9C%93&from=1&to=2&date=2015-01-03&num_passengers=2&commit=search 	1549501850199
ERROR	request_6: Failed to build request: No baseUrl defined but provided url is relative : /favicon.ico 	1549501851204
ERROR	Homepage: Failed to build request: No baseUrl defined but provided url is relative : / 	1549501853181
USER	SE1	10	START	1549501853179	1549501853179
ERROR	request_2: Failed to build request: No baseUrl defined but provided url is relative : /favicon.ico 	1549501854191
ERROR	SearchFlight: Failed to build request: No baseUrl defined but provided url is relative : /flights?utf8=%E2%9C%93&from=1&to=2&date=2015-01-03&num_passengers=2&commit=search 	1549501854202
ERROR	request_6: Failed to build request: No baseUrl defined but provided url is relative : /favicon.ico 	1549501855200
ERROR	SearchFlight: Failed to build request: No baseUrl defined but provided url is relative : /flights?utf8=%E2%9C%93&from=1&to=2&date=2015-01-03&num_passengers=2&commit=search 	1549501857211
ERROR	request_6: Failed to build request: No baseUrl defined but provided url is relative : /favicon.ico 	1549501858210
USER	SE1	1	END	1549501836189	1549501858246
ERROR	Homepage: Failed to build request: No baseUrl defined but provided url is relative : / 	1549501858249
USER	SE1	11	START	1549501858248	1549501858248
ERROR	request_2: Failed to build request: No baseUrl defined but provided url is relative : /favicon.ico 	1549501859259
ERROR	SearchFlight: Failed to build request: No baseUrl defined but provided url is relative : /flights?utf8=%E2%9C%93&from=1&to=2&date=2015-01-03&num_passengers=2&commit=search 	1549501860171
ERROR	request_6: Failed to build request: No baseUrl defined but provided url is relative : /favicon.ico 	1549501861194
USER	SE1	4	END	1549501839172	1549501861195
ERROR	Homepage: Failed to build request: No baseUrl defined but provided url is relative : / 	1549501861196
USER	SE1	12	START	1549501861195	1549501861195
ERROR	request_2: Failed to build request: No baseUrl defined but provided url is relative : /favicon.ico 	1549501862199
REQUEST	2		SearchFlight	1549501863209	1549501863448	OK	 
ERROR	SearchFlight: Failed to build request: No baseUrl defined but provided url is relative : /flights?utf8=%E2%9C%93&from=1&to=2&date=2015-01-03&num_passengers=2&commit=search 	1549501864204
REQUEST	3		SearchFlight	1549501864806	1549501865039	OK	 
ERROR	request_6: Failed to build request: No baseUrl defined but provided url is relative : /favicon.ico 	1549501865190
USER	SE1	6	END	1549501843173	1549501865201
ERROR	Homepage: Failed to build request: No baseUrl defined but provided url is relative : / 	1549501865203
USER	SE1	13	START	1549501865202	1549501865202
ERROR	request_2: Failed to build request: No baseUrl defined but provided url is relative : /favicon.ico 	1549501866222
REQUEST	5		SearchFlight	1549501867815	1549501868053	OK	 
USER	SE1	8	END	1549501846183	1549501868215
ERROR	Homepage: Failed to build request: No baseUrl defined but provided url is relative : / 	1549501868218
USER	SE1	14	START	1549501868216	1549501868216
ERROR	request_2: Failed to build request: No baseUrl defined but provided url is relative : /favicon.ico 	1549501869222
ERROR	SearchFlight: Failed to build request: No baseUrl defined but provided url is relative : /flights?utf8=%E2%9C%93&from=1&to=2&date=2015-01-03&num_passengers=2&commit=search 	1549501869269
ERROR	request_6: Failed to build request: No baseUrl defined but provided url is relative : /favicon.ico 	1549501870283
REQUEST	7		SearchFlight	1549501870263	1549501870513	OK	 
USER	SE1	9	END	1549501849160	1549501871169
ERROR	Homepage: Failed to build request: No baseUrl defined but provided url is relative : / 	1549501871171
USER	SE1	15	START	1549501871170	1549501871170
ERROR	request_2: Failed to build request: No baseUrl defined but provided url is relative : /favicon.ico 	1549501872179
ERROR	SearchFlight: Failed to build request: No baseUrl defined but provided url is relative : /flights?utf8=%E2%9C%93&from=1&to=2&date=2015-01-03&num_passengers=2&commit=search 	1549501872221
ERROR	request_6: Failed to build request: No baseUrl defined but provided url is relative : /favicon.ico 	1549501873223
USER	SE1	10	END	1549501853179	1549501875214
ERROR	Homepage: Failed to build request: No baseUrl defined but provided url is relative : / 	1549501875215
USER	SE1	16	START	1549501875214	1549501875214
REQUEST	2		SelectFlight	1549501874984	1549501875322	OK	 
ERROR	SearchFlight: Failed to build request: No baseUrl defined but provided url is relative : /flights?utf8=%E2%9C%93&from=1&to=2&date=2015-01-03&num_passengers=2&commit=search 	1549501876234
ERROR	request_2: Failed to build request: No baseUrl defined but provided url is relative : /favicon.ico 	1549501876234
REQUEST	3		SelectFlight	1549501876623	1549501876960	OK	 
ERROR	request_6: Failed to build request: No baseUrl defined but provided url is relative : /favicon.ico 	1549501877219
ERROR	SearchFlight: Failed to build request: No baseUrl defined but provided url is relative : /flights?utf8=%E2%9C%93&from=1&to=2&date=2015-01-03&num_passengers=2&commit=search 	1549501879240
REQUEST	5		SelectFlight	1549501879561	1549501879827	OK	 
ERROR	request_6: Failed to build request: No baseUrl defined but provided url is relative : /favicon.ico 	1549501880243
USER	SE1	11	END	1549501858248	1549501880269
ERROR	Homepage: Failed to build request: No baseUrl defined but provided url is relative : / 	1549501880271
USER	SE1	17	START	1549501880270	1549501880270
ERROR	request_2: Failed to build request: No baseUrl defined but provided url is relative : /favicon.ico 	1549501881291
ERROR	SearchFlight: Failed to build request: No baseUrl defined but provided url is relative : /flights?utf8=%E2%9C%93&from=1&to=2&date=2015-01-03&num_passengers=2&commit=search 	1549501882200
REQUEST	7		SelectFlight	1549501882040	1549501882285	OK	 
ERROR	request_6: Failed to build request: No baseUrl defined but provided url is relative : /favicon.ico 	1549501883202
USER	SE1	12	END	1549501861195	1549501883224
ERROR	Homepage: Failed to build request: No baseUrl defined but provided url is relative : / 	1549501883226
USER	SE1	18	START	1549501883225	1549501883225
ERROR	request_2: Failed to build request: No baseUrl defined but provided url is relative : /favicon.ico 	1549501884240
ERROR	SearchFlight: Failed to build request: No baseUrl defined but provided url is relative : /flights?utf8=%E2%9C%93&from=1&to=2&date=2015-01-03&num_passengers=2&commit=search 	1549501886229
USER	SE1	13	END	1549501865202	1549501887230
ERROR	Homepage: Failed to build request: No baseUrl defined but provided url is relative : / 	1549501887233
USER	SE1	19	START	1549501887231	1549501887231
ERROR	request_6: Failed to build request: No baseUrl defined but provided url is relative : /favicon.ico 	1549501887241
REQUEST	2		BookFlight	1549501887013	1549501887507	OK	 
REQUEST	2		BookFlight Redirect 1	1549501887522	1549501887814	OK	 
ERROR	request_2: Failed to build request: No baseUrl defined but provided url is relative : /favicon.ico 	1549501888252
ERROR	BookFlight: Failed to build request: No attribute named 'name1' is defined 	1549501888555
