RUN	myfirstpackage.SetUpUserLoadClosedSystem	setupuserloadclosedsystem	1549515822341	 	3.0.2
USER	SE1	1	START	1549515826281	1549515826281
USER	SE2	2	START	1549515827283	1549515827283
REQUEST	1		Homepage	1549515826334	1549515827716	OK	 
USER	SE1	3	START	1549515828285	1549515828285
REQUEST	2		Homepage	1549515827287	1549515828637	OK	 
USER	SE2	4	START	1549515829285	1549515829285
REQUEST	3		Homepage	1549515828286	1549515829708	OK	 
USER	SE1	5	START	1549515830283	1549515830283
REQUEST	4		Homepage	1549515829286	1549515830593	OK	 
REQUEST	5		Homepage	1549515830283	1549515831167	OK	 
USER	SE1	6	START	1549515831286	1549515831286
REQUEST	6		Homepage	1549515831287	1549515832160	OK	 
USER	SE2	7	START	1549515832276	1549515832276
REQUEST	7		Homepage	1549515832277	1549515833209	OK	 
USER	SE1	8	START	1549515833276	1549515833276
REQUEST	8		Homepage	1549515833277	1549515834255	OK	 
USER	SE2	9	START	1549515834283	1549515834283
USER	SE1	10	START	1549515835285	1549515835285
REQUEST	9		Homepage	1549515834284	1549515835510	OK	 
REQUEST	10		Homepage	1549515835286	1549515836589	OK	 
REQUEST	1		SearchFlight	1549515842306	1549515842863	OK	 
REQUEST	3		SearchFlight	1549515843882	1549515844212	OK	 
REQUEST	5		SearchFlight	1549515844576	1549515844837	OK	 
REQUEST	6		SearchFlight	1549515846586	1549515847132	OK	 
REQUEST	8		SearchFlight	1549515849312	1549515849622	OK	 
REQUEST	10		SearchFlight	1549515850973	1549515851238	OK	 
REQUEST	2		SearchFlight	1549515853782	1549515854129	OK	 
USER	SE1	1	END	1549515826281	1549515854421
USER	SE1	11	START	1549515854423	1549515854423
REQUEST	4		SearchFlight	1549515855011	1549515855302	OK	 
REQUEST	11		Homepage	1549515854424	1549515855870	OK	 
USER	SE1	3	END	1549515828285	1549515855943
USER	SE1	12	START	1549515855943	1549515855943
USER	SE1	5	END	1549515830283	1549515856282
USER	SE1	13	START	1549515856282	1549515856282
REQUEST	12		Homepage	1549515855943	1549515857243	OK	 
REQUEST	13		Homepage	1549515856283	1549515857650	OK	 
USER	SE1	6	END	1549515831286	1549515858906
USER	SE1	14	START	1549515858906	1549515858906
REQUEST	7		SearchFlight	1549515859313	1549515859977	OK	 
REQUEST	14		Homepage	1549515858906	1549515860160	OK	 
USER	SE1	8	END	1549515833276	1549515861215
USER	SE1	15	START	1549515861215	1549515861215
REQUEST	15		Homepage	1549515861216	1549515862148	OK	 
REQUEST	9		SearchFlight	1549515861973	1549515862646	OK	 
USER	SE1	10	END	1549515835285	1549515862900
USER	SE1	16	START	1549515862901	1549515862901
REQUEST	16		Homepage	1549515862902	1549515863923	OK	 
REQUEST	2		SelectFlight	1549515865874	1549515866230	OK	 
REQUEST	4		SelectFlight	1549515867191	1549515867575	OK	 
REQUEST	11		SearchFlight	1549515870455	1549515870819	OK	 
REQUEST	7		SelectFlight	1549515871484	1549515871742	OK	 
REQUEST	12		SearchFlight	1549515872966	1549515873253	OK	 
REQUEST	13		SearchFlight	1549515873210	1549515873689	OK	 
REQUEST	9		SelectFlight	1549515874171	1549515874444	OK	 
REQUEST	14		SearchFlight	1549515874240	1549515874524	OK	 
REQUEST	15		SearchFlight	1549515876825	1549515877233	OK	 
REQUEST	16		SearchFlight	1549515877742	1549515878169	OK	 
REQUEST	2		BookFlight	1549515877778	1549515878273	OK	 
REQUEST	2		BookFlight Redirect 1	1549515878278	1549515878538	OK	 
REQUEST	4		BookFlight	1549515879212	1549515879859	OK	 
REQUEST	4		BookFlight Redirect 1	1549515879860	1549515880124	OK	 
USER	SE2	2	END	1549515827283	1549515880126
USER	SE2	17	START	1549515880126	1549515880126
REQUEST	17		Homepage	1549515880127	1549515881369	OK	 
USER	SE2	4	END	1549515829285	1549515881672
USER	SE2	18	START	1549515881672	1549515881672
USER	SE1	11	END	1549515854423	1549515882350
USER	SE1	19	START	1549515882350	1549515882350
REQUEST	18		Homepage	1549515881673	1549515882924	OK	 
REQUEST	19		Homepage	1549515882351	1549515883540	OK	 
REQUEST	7		BookFlight	1549515883267	1549515883752	OK	 
REQUEST	7		BookFlight Redirect 1	1549515883753	1549515884145	OK	 
USER	SE1	12	END	1549515855943	1549515884890
USER	SE1	20	START	1549515884890	1549515884890
USER	SE1	13	END	1549515856282	1549515885252
USER	SE1	21	START	1549515885252	1549515885252
USER	SE2	7	END	1549515832276	1549515885676
USER	SE2	22	START	1549515885676	1549515885676
REQUEST	20		Homepage	1549515884891	1549515885757	OK	 
USER	SE1	14	END	1549515858906	1549515886114
USER	SE1	23	START	1549515886115	1549515886115
REQUEST	21		Homepage	1549515885254	1549515886178	OK	 
REQUEST	9		BookFlight	1549515886127	1549515886891	OK	 
REQUEST	22		Homepage	1549515885676	1549515886953	OK	 
REQUEST	9		BookFlight Redirect 1	1549515886891	1549515887128	OK	 
REQUEST	23		Homepage	1549515886116	1549515887354	OK	 
USER	SE2	9	END	1549515834283	1549515888768
USER	SE2	24	START	1549515888768	1549515888768
USER	SE1	15	END	1549515861215	1549515888870
USER	SE1	25	START	1549515888870	1549515888870
REQUEST	24		Homepage	1549515888769	1549515889794	OK	 
REQUEST	25		Homepage	1549515888871	1549515889794	OK	 
USER	SE1	16	END	1549515862901	1549515889852
USER	SE1	26	START	1549515889852	1549515889852
REQUEST	26		Homepage	1549515889853	1549515891003	OK	 
REQUEST	19		SearchFlight	1549515897085	1549515897444	OK	 
REQUEST	20		SearchFlight	1549515899502	1549515899909	OK	 
REQUEST	21		SearchFlight	1549515900005	1549515900282	OK	 
REQUEST	23		SearchFlight	1549515901331	1549515901642	OK	 
REQUEST	25		SearchFlight	1549515904801	1549515905228	OK	 
REQUEST	26		SearchFlight	1549515905291	1549515905695	OK	 
REQUEST	17		SearchFlight	1549515907452	1549515907748	OK	 
REQUEST	18		SearchFlight	1549515908362	1549515908709	OK	 
USER	SE1	19	END	1549515882350	1549515908982
USER	SE1	20	END	1549515884890	1549515911632
USER	SE1	21	END	1549515885252	1549515912112
REQUEST	22		SearchFlight	1549515912101	1549515912525	OK	 
USER	SE1	23	END	1549515886115	1549515913372
REQUEST	24		SearchFlight	1549515916046	1549515916525	OK	 
USER	SE1	25	END	1549515888870	1549515917120
USER	SE1	26	END	1549515889852	1549515917316
REQUEST	17		SelectFlight	1549515919323	1549515919869	OK	 
REQUEST	18		SelectFlight	1549515920235	1549515920728	OK	 
REQUEST	22		SelectFlight	1549515924454	1549515924793	OK	 
REQUEST	24		SelectFlight	1549515928130	1549515928472	OK	 
REQUEST	17		BookFlight	1549515931636	1549515932138	OK	 
REQUEST	17		BookFlight Redirect 1	1549515932138	1549515932447	OK	 
REQUEST	18		BookFlight	1549515932442	1549515932804	OK	 
REQUEST	18		BookFlight Redirect 1	1549515932804	1549515933078	OK	 
USER	SE2	17	END	1549515880126	1549515934246
USER	SE2	18	END	1549515881672	1549515934820
REQUEST	22		BookFlight	1549515936312	1549515936702	OK	 
REQUEST	22		BookFlight Redirect 1	1549515936703	1549515937280	OK	 
USER	SE2	22	END	1549515885676	1549515939083
REQUEST	24		BookFlight	1549515940022	1549515941576	OK	 
REQUEST	24		BookFlight Redirect 1	1549515941577	1549515941878	OK	 
USER	SE2	24	END	1549515888768	1549515943668
