RUN	myfirstpackage.LearnReport	learnreport	1548219119068	 	3.0.2
USER	SE	1	START	1548219122086	1548219122086
USER	SE	2	START	1548219122125	1548219122125
USER	SE	3	START	1548219122126	1548219122126
USER	SE	4	START	1548219122127	1548219122127
USER	SE	5	START	1548219122129	1548219122129
REQUEST	4		Homepage	1548219122128	1548219133969	OK	 
REQUEST	1		Homepage	1548219122121	1548219133969	OK	 
REQUEST	5		Homepage	1548219122129	1548219133969	OK	 
REQUEST	2		Homepage	1548219122126	1548219135902	OK	 
REQUEST	3		Homepage	1548219122127	1548219136071	OK	 
REQUEST	1		SearchFlight	1548219154420	1548219154703	OK	 
REQUEST	4		SearchFlight	1548219154442	1548219154740	OK	 
REQUEST	5		SearchFlight	1548219154624	1548219154863	OK	 
REQUEST	3		SearchFlight	1548219155270	1548219155522	OK	 
REQUEST	2		SearchFlight	1548219155355	1548219155621	OK	 
REQUEST	1		SelectFlight	1548219166145	1548219166445	OK	 
REQUEST	4		SelectFlight	1548219166192	1548219166473	OK	 
REQUEST	5		SelectFlight	1548219166355	1548219166602	OK	 
REQUEST	3		SelectFlight	1548219166973	1548219167248	OK	 
REQUEST	2		SelectFlight	1548219167105	1548219167366	OK	 
REQUEST	1		BookFlight	1548219177888	1548219178118	KO	status.find.in(200,201,202,203,204,205,206,207,208,209,304), found 422
REQUEST	4		BookFlight	1548219177925	1548219178167	KO	status.find.in(200,201,202,203,204,205,206,207,208,209,304), found 422
REQUEST	5		BookFlight	1548219178051	1548219178286	KO	status.find.in(200,201,202,203,204,205,206,207,208,209,304), found 422
REQUEST	3		BookFlight	1548219178692	1548219178926	KO	status.find.in(200,201,202,203,204,205,206,207,208,209,304), found 422
REQUEST	2		BookFlight	1548219178812	1548219179057	KO	status.find.in(200,201,202,203,204,205,206,207,208,209,304), found 422
USER	SE	1	END	1548219122086	1548219179333
USER	SE	4	END	1548219122127	1548219179426
USER	SE	5	END	1548219122129	1548219179509
USER	SE	3	END	1548219122126	1548219180156
USER	SE	2	END	1548219122125	1548219180286
