RUN	learngatling.Wm1	wm1	1549445369593	 	3.0.2
USER	SE	1	START	1549445372317	1549445372317
USER	SE	2	START	1549445374328	1549445374328
USER	SE	3	START	1549445376327	1549445376327
USER	SE	4	START	1549445378325	1549445378325
USER	SE	5	START	1549445380324	1549445380324
REQUEST	2		Homepage	1549445374329	1549445382334	OK	 
REQUEST	4		Homepage	1549445378325	1549445382404	OK	 
REQUEST	1		Homepage	1549445372346	1549445382596	OK	 
REQUEST	5		Homepage	1549445380325	1549445383196	OK	 
REQUEST	3		Homepage	1549445376328	1549445383234	OK	 
REQUEST	4		SearchFlight	1549445399529	1549445399814	OK	 
REQUEST	1		SearchFlight	1549445399669	1549445399902	OK	 
REQUEST	2		SearchFlight	1549445399680	1549445399925	OK	 
REQUEST	5		SearchFlight	1549445399757	1549445399994	OK	 
REQUEST	3		SearchFlight	1549445399802	1549445400058	OK	 
REQUEST	4		SelectFlight	1549445411275	1549445411619	OK	 
REQUEST	1		SelectFlight	1549445411340	1549445411630	OK	 
REQUEST	2		SelectFlight	1549445411378	1549445411662	OK	 
REQUEST	5		SelectFlight	1549445411478	1549445411728	OK	 
REQUEST	3		SelectFlight	1549445411499	1549445411767	OK	 
REQUEST	1		BookFlight	1549445423085	1549445423322	KO	status.find.in(200,201,202,203,204,205,206,207,208,209,304), found 422
REQUEST	2		BookFlight	1549445423105	1549445423336	KO	status.find.in(200,201,202,203,204,205,206,207,208,209,304), found 422
REQUEST	4		BookFlight	1549445423101	1549445423352	KO	status.find.in(200,201,202,203,204,205,206,207,208,209,304), found 422
REQUEST	5		BookFlight	1549445423179	1549445423407	KO	status.find.in(200,201,202,203,204,205,206,207,208,209,304), found 422
REQUEST	3		BookFlight	1549445423237	1549445423481	KO	status.find.in(200,201,202,203,204,205,206,207,208,209,304), found 422
USER	SE	1	END	1549445372317	1549445424567
USER	SE	2	END	1549445374328	1549445424567
USER	SE	4	END	1549445378325	1549445424577
USER	SE	5	END	1549445380324	1549445424622
USER	SE	3	END	1549445376327	1549445424814
