RUN	myfirstpackage.SetUpUserLoadOpenSystem	setupuserloadopensystem	1549515066648	 	3.0.2
USER	SE1	1	START	1549515070579	1549515070579
USER	SE2	4	START	1549515070631	1549515070631
USER	SE2	5	START	1549515071574	1549515071574
USER	SE1	2	START	1549515071621	1549515071621
REQUEST	4		Homepage	1549515070635	1549515072005	OK	 
REQUEST	1		Homepage	1549515070621	1549515072005	OK	 
USER	SE2	6	START	1549515072568	1549515072568
USER	SE1	3	START	1549515072621	1549515072621
REQUEST	2		Homepage	1549515071622	1549515072728	OK	 
REQUEST	5		Homepage	1549515071575	1549515072776	OK	 
USER	SE2	8	START	1549515073573	1549515073573
USER	SE1	7	START	1549515073573	1549515073573
REQUEST	6		Homepage	1549515072569	1549515073642	OK	 
REQUEST	3		Homepage	1549515072622	1549515073665	OK	 
REQUEST	7		Homepage	1549515073574	1549515074524	OK	 
USER	SE1	9	START	1549515074551	1549515074551
USER	SE2	10	START	1549515074551	1549515074551
REQUEST	8		Homepage	1549515073574	1549515074701	OK	 
USER	SE2	12	START	1549515075563	1549515075563
USER	SE1	11	START	1549515075568	1549515075568
REQUEST	9		Homepage	1549515074552	1549515075780	OK	 
REQUEST	10		Homepage	1549515074552	1549515076015	OK	 
REQUEST	11		Homepage	1549515075569	1549515076524	OK	 
USER	SE1	13	START	1549515076571	1549515076571
USER	SE2	14	START	1549515076571	1549515076571
REQUEST	12		Homepage	1549515075564	1549515076609	OK	 
USER	SE2	16	START	1549515077572	1549515077572
USER	SE1	15	START	1549515077572	1549515077572
REQUEST	13		Homepage	1549515076572	1549515077602	OK	 
REQUEST	14		Homepage	1549515076572	1549515078023	OK	 
USER	SE2	18	START	1549515078564	1549515078564
USER	SE1	17	START	1549515078568	1549515078568
USER	SE1	19	START	1549515079568	1549515079568
USER	SE2	20	START	1549515079568	1549515079568
REQUEST	15		Homepage	1549515077573	1549515079719	OK	 
REQUEST	16		Homepage	1549515077573	1549515080465	OK	 
REQUEST	17		Homepage	1549515078569	1549515080864	OK	 
REQUEST	18		Homepage	1549515078565	1549515081481	OK	 
REQUEST	19		Homepage	1549515079569	1549515081777	OK	 
REQUEST	20		Homepage	1549515079569	1549515082400	OK	 
REQUEST	1		SearchFlight	1549515086340	1549515086612	OK	 
REQUEST	2		SearchFlight	1549515086840	1549515087331	OK	 
REQUEST	3		SearchFlight	1549515088774	1549515089045	OK	 
REQUEST	7		SearchFlight	1549515095502	1549515095951	OK	 
USER	SE1	1	END	1549515070579	1549515098116
REQUEST	4		SearchFlight	1549515098152	1549515098422	OK	 
USER	SE1	2	END	1549515071621	1549515098770
REQUEST	9		SearchFlight	1549515098619	1549515098863	OK	 
REQUEST	5		SearchFlight	1549515099301	1549515099690	OK	 
REQUEST	6		SearchFlight	1549515100040	1549515100457	OK	 
REQUEST	11		SearchFlight	1549515100099	1549515100458	OK	 
USER	SE1	3	END	1549515072621	1549515100543
REQUEST	13		SearchFlight	1549515101311	1549515101685	OK	 
REQUEST	19		SearchFlight	1549515102262	1549515102580	OK	 
REQUEST	17		SearchFlight	1549515102289	1549515102580	OK	 
REQUEST	15		SearchFlight	1549515102571	1549515102917	OK	 
USER	SE1	7	END	1549515073573	1549515107459
REQUEST	8		SearchFlight	1549515109693	1549515110044	OK	 
REQUEST	4		SelectFlight	1549515110039	1549515110389	OK	 
USER	SE1	9	END	1549515074551	1549515110464
REQUEST	5		SelectFlight	1549515111309	1549515111617	OK	 
REQUEST	12		SearchFlight	1549515111683	1549515111949	OK	 
REQUEST	10		SearchFlight	1549515111683	1549515111972	OK	 
USER	SE1	11	END	1549515075568	1549515112191
REQUEST	6		SelectFlight	1549515112192	1549515112465	OK	 
USER	SE1	13	END	1549515076571	1549515113421
REQUEST	14		SearchFlight	1549515113203	1549515113611	OK	 
REQUEST	16		SearchFlight	1549515113480	1549515113791	OK	 
REQUEST	18		SearchFlight	1549515113511	1549515113930	OK	 
USER	SE1	19	END	1549515079568	1549515114144
USER	SE1	17	END	1549515078568	1549515114148
REQUEST	20		SearchFlight	1549515113820	1549515114196	OK	 
USER	SE1	15	END	1549515077572	1549515114448
REQUEST	8		SelectFlight	1549515121631	1549515121902	OK	 
REQUEST	4		BookFlight	1549515122028	1549515122450	OK	 
REQUEST	4		BookFlight Redirect 1	1549515122455	1549515122883	OK	 
REQUEST	5		BookFlight	1549515123315	1549515123701	OK	 
REQUEST	5		BookFlight Redirect 1	1549515123702	1549515124010	OK	 
REQUEST	10		SelectFlight	1549515123603	1549515124010	OK	 
REQUEST	12		SelectFlight	1549515123613	1549515124011	OK	 
REQUEST	6		BookFlight	1549515124100	1549515125183	OK	 
USER	SE2	4	END	1549515070631	1549515125185
REQUEST	6		BookFlight Redirect 1	1549515125185	1549515125491	OK	 
REQUEST	14		SelectFlight	1549515125180	1549515125491	OK	 
USER	SE2	5	END	1549515071574	1549515125526
REQUEST	16		SelectFlight	1549515125479	1549515125853	OK	 
REQUEST	18		SelectFlight	1549515125479	1549515125856	OK	 
REQUEST	20		SelectFlight	1549515125902	1549515126167	OK	 
USER	SE2	6	END	1549515072568	1549515127155
REQUEST	8		BookFlight	1549515133691	1549515135066	OK	 
REQUEST	8		BookFlight Redirect 1	1549515135067	1549515135376	OK	 
REQUEST	12		BookFlight	1549515135531	1549515136192	OK	 
REQUEST	10		BookFlight	1549515135532	1549515136279	OK	 
REQUEST	12		BookFlight Redirect 1	1549515136193	1549515136523	OK	 
REQUEST	10		BookFlight Redirect 1	1549515136280	1549515136543	OK	 
USER	SE2	8	END	1549515073573	1549515136878
REQUEST	14		BookFlight	1549515137163	1549515137567	OK	 
REQUEST	18		BookFlight	1549515137484	1549515137887	OK	 
REQUEST	16		BookFlight	1549515137485	1549515138548	OK	 
USER	SE2	12	END	1549515075563	1549515138551
REQUEST	18		BookFlight Redirect 1	1549515137888	1549515138554	OK	 
REQUEST	14		BookFlight Redirect 1	1549515137568	1549515138554	OK	 
USER	SE2	10	END	1549515074551	1549515138556
REQUEST	20		BookFlight	1549515137909	1549515138919	OK	 
REQUEST	16		BookFlight Redirect 1	1549515138549	1549515138964	OK	 
REQUEST	20		BookFlight Redirect 1	1549515138920	1549515139368	OK	 
USER	SE2	14	END	1549515076571	1549515140290
USER	SE2	18	END	1549515078564	1549515140290
USER	SE2	16	END	1549515077572	1549515140604
USER	SE2	20	END	1549515079568	1549515141006
