RUN	myfirstpackage.SetUpUserLoadOpenSystem	setupuserloadopensystem	1549514469142	 	3.0.2
USER	SE1	1	START	1549514472166	1549514472166
USER	SE2	6	START	1549514472211	1549514472211
USER	SE1	2	START	1549514472704	1549514472704
USER	SE2	7	START	1549514473164	1549514473164
USER	SE1	3	START	1549514473212	1549514473212
REQUEST	1		Homepage	1549514472203	1549514473568	OK	 
REQUEST	6		Homepage	1549514472214	1549514473568	OK	 
USER	SE1	4	START	1549514473708	1549514473708
USER	SE2	8	START	1549514474159	1549514474159
USER	SE1	5	START	1549514474214	1549514474214
REQUEST	7		Homepage	1549514473164	1549514474490	OK	 
REQUEST	2		Homepage	1549514472705	1549514474493	OK	 
USER	SE1	9	START	1549514474661	1549514474661
REQUEST	3		Homepage	1549514473212	1549514474743	OK	 
REQUEST	4		Homepage	1549514473709	1549514474758	OK	 
USER	SE1	10	START	1549514475161	1549514475161
USER	SE2	11	START	1549514475161	1549514475161
REQUEST	5		Homepage	1549514474215	1549514475179	OK	 
REQUEST	8		Homepage	1549514474160	1549514475277	OK	 
USER	SE1	12	START	1549514475659	1549514475659
REQUEST	9		Homepage	1549514474662	1549514475735	OK	 
USER	SE2	14	START	1549514476163	1549514476163
USER	SE1	13	START	1549514476163	1549514476163
REQUEST	11		Homepage	1549514475162	1549514476285	OK	 
REQUEST	10		Homepage	1549514475162	1549514476323	OK	 
USER	SE1	15	START	1549514476653	1549514476653
REQUEST	12		Homepage	1549514475660	1549514477128	OK	 
USER	SE1	16	START	1549514477152	1549514477152
USER	SE2	17	START	1549514477152	1549514477152
USER	SE1	18	START	1549514477659	1549514477659
REQUEST	14		Homepage	1549514476164	1549514477705	OK	 
REQUEST	13		Homepage	1549514476164	1549514477729	OK	 
REQUEST	15		Homepage	1549514476654	1549514478066	OK	 
USER	SE2	20	START	1549514478159	1549514478159
USER	SE1	19	START	1549514478159	1549514478159
REQUEST	16		Homepage	1549514477153	1549514478498	OK	 
USER	SE1	21	START	1549514478664	1549514478664
REQUEST	17		Homepage	1549514477153	1549514478712	OK	 
REQUEST	18		Homepage	1549514477660	1549514478920	OK	 
USER	SE1	22	START	1549514479163	1549514479163
USER	SE2	23	START	1549514479163	1549514479163
REQUEST	19		Homepage	1549514478160	1549514479491	OK	 
REQUEST	20		Homepage	1549514478160	1549514479526	OK	 
USER	SE1	24	START	1549514479650	1549514479650
USER	SE1	25	START	1549514480153	1549514480153
USER	SE2	26	START	1549514480153	1549514480153
REQUEST	21		Homepage	1549514478665	1549514480266	OK	 
USER	SE1	27	START	1549514480659	1549514480659
USER	SE2	29	START	1549514481162	1549514481162
USER	SE1	28	START	1549514481162	1549514481162
REQUEST	22		Homepage	1549514479164	1549514481260	OK	 
REQUEST	23		Homepage	1549514479164	1549514481343	OK	 
REQUEST	24		Homepage	1549514479651	1549514481404	OK	 
USER	SE1	30	START	1549514481661	1549514481661
REQUEST	26		Homepage	1549514480154	1549514482085	OK	 
USER	SE1	31	START	1549514482163	1549514482163
USER	SE2	32	START	1549514482163	1549514482163
USER	SE1	33	START	1549514482648	1549514482648
REQUEST	28		Homepage	1549514481163	1549514482748	OK	 
REQUEST	29		Homepage	1549514481163	1549514482869	OK	 
REQUEST	25		Homepage	1549514480154	1549514483061	OK	 
REQUEST	30		Homepage	1549514481662	1549514483129	OK	 
USER	SE1	34	START	1549514483150	1549514483150
USER	SE2	35	START	1549514483150	1549514483150
USER	SE1	36	START	1549514483661	1549514483661
REQUEST	27		Homepage	1549514480659	1549514483729	OK	 
REQUEST	31		Homepage	1549514482163	1549514484050	OK	 
REQUEST	32		Homepage	1549514482163	1549514484108	OK	 
USER	SE1	37	START	1549514484164	1549514484164
USER	SE2	38	START	1549514484164	1549514484164
REQUEST	33		Homepage	1549514482649	1549514484210	OK	 
USER	SE1	39	START	1549514484663	1549514484663
REQUEST	34		Homepage	1549514483151	1549514485071	OK	 
USER	SE2	41	START	1549514485161	1549514485161
USER	SE1	40	START	1549514485161	1549514485161
REQUEST	35		Homepage	1549514483151	1549514485233	OK	 
USER	SE1	42	START	1549514485664	1549514485664
USER	SE2	44	START	1549514486159	1549514486159
USER	SE1	43	START	1549514486159	1549514486159
REQUEST	36		Homepage	1549514483662	1549514486323	OK	 
USER	SE1	45	START	1549514486661	1549514486661
USER	SE1	46	START	1549514487160	1549514487160
USER	SE2	47	START	1549514487160	1549514487160
USER	SE1	48	START	1549514487658	1549514487658
REQUEST	37		Homepage	1549514484165	1549514487838	OK	 
REQUEST	38		Homepage	1549514484165	1549514487870	OK	 
USER	SE1	49	START	1549514488158	1549514488158
USER	SE2	50	START	1549514488158	1549514488158
USER	SE1	51	START	1549514488659	1549514488659
USER	SE2	53	START	1549514489160	1549514489160
USER	SE1	52	START	1549514489160	1549514489160
USER	SE1	54	START	1549514489664	1549514489664
REQUEST	43		Homepage	1549514486160	1549514489684	OK	 
REQUEST	45		Homepage	1549514486661	1549514489934	OK	 
USER	SE1	55	START	1549514490162	1549514490162
USER	SE2	56	START	1549514490162	1549514490162
USER	SE1	57	START	1549514490661	1549514490661
REQUEST	51		Homepage	1549514488659	1549514490789	OK	 
USER	SE1	58	START	1549514491161	1549514491161
USER	SE2	59	START	1549514491161	1549514491161
REQUEST	52		Homepage	1549514489161	1549514491472	OK	 
REQUEST	40		Homepage	1549514485161	1549514491511	OK	 
USER	SE1	60	START	1549514491664	1549514491664
REQUEST	53		Homepage	1549514489161	1549514491739	OK	 
REQUEST	39		Homepage	1549514484663	1549514492006	OK	 
REQUEST	54		Homepage	1549514489664	1549514492068	OK	 
USER	SE2	62	START	1549514492163	1549514492163
USER	SE1	61	START	1549514492163	1549514492163
REQUEST	42		Homepage	1549514485665	1549514492175	OK	 
REQUEST	55		Homepage	1549514490163	1549514492463	OK	 
REQUEST	57		Homepage	1549514490661	1549514492516	OK	 
USER	SE1	63	START	1549514492650	1549514492650
REQUEST	41		Homepage	1549514485161	1549514492778	OK	 
REQUEST	49		Homepage	1549514488159	1549514492973	OK	 
USER	SE1	64	START	1549514493151	1549514493151
USER	SE2	65	START	1549514493151	1549514493151
REQUEST	46		Homepage	1549514487161	1549514493205	OK	 
USER	SE1	66	START	1549514493663	1549514493663
USER	SE1	67	START	1549514494162	1549514494162
USER	SE2	68	START	1549514494162	1549514494162
REQUEST	44		Homepage	1549514486160	1549514494283	OK	 
USER	SE1	69	START	1549514494659	1549514494659
REQUEST	58		Homepage	1549514491161	1549514494783	OK	 
REQUEST	47		Homepage	1549514487161	1549514494794	OK	 
REQUEST	48		Homepage	1549514487659	1549514494839	OK	 
REQUEST	56		Homepage	1549514490163	1549514494935	OK	 
REQUEST	50		Homepage	1549514488159	1549514495015	OK	 
REQUEST	60		Homepage	1549514491665	1549514495065	OK	 
REQUEST	59		Homepage	1549514491161	1549514495136	OK	 
USER	SE1	70	START	1549514495161	1549514495161
USER	SE2	71	START	1549514495161	1549514495161
USER	SE1	72	START	1549514495659	1549514495659
REQUEST	61		Homepage	1549514492164	1549514495696	OK	 
REQUEST	63		Homepage	1549514492651	1549514496063	OK	 
USER	SE1	73	START	1549514496158	1549514496158
USER	SE2	74	START	1549514496158	1549514496158
USER	SE1	75	START	1549514496659	1549514496659
USER	SE1	76	START	1549514497158	1549514497158
USER	SE2	77	START	1549514497158	1549514497158
REQUEST	62		Homepage	1549514492164	1549514497608	OK	 
USER	SE1	78	START	1549514497661	1549514497661
USER	SE1	79	START	1549514498164	1549514498164
USER	SE2	80	START	1549514498164	1549514498164
USER	SE1	81	START	1549514498658	1549514498658
USER	SE2	83	START	1549514499164	1549514499164
USER	SE1	82	START	1549514499164	1549514499164
USER	SE1	84	START	1549514499661	1549514499661
USER	SE2	86	START	1549514500160	1549514500160
USER	SE1	85	START	1549514500160	1549514500160
USER	SE1	87	START	1549514500661	1549514500661
USER	SE1	88	START	1549514501164	1549514501164
USER	SE2	89	START	1549514501164	1549514501164
USER	SE1	90	START	1549514501662	1549514501662
USER	SE1	91	START	1549514502164	1549514502164
USER	SE2	92	START	1549514502164	1549514502164
USER	SE1	93	START	1549514502663	1549514502663
USER	SE2	95	START	1549514503162	1549514503162
USER	SE1	94	START	1549514503162	1549514503162
REQUEST	64		Homepage	1549514493152	1549514503291	OK	 
REQUEST	65		Homepage	1549514493152	1549514503412	OK	 
USER	SE1	96	START	1549514503649	1549514503649
USER	SE1	97	START	1549514504149	1549514504149
USER	SE2	98	START	1549514504149	1549514504149
USER	SE1	99	START	1549514504660	1549514504660
USER	SE2	101	START	1549514505162	1549514505162
USER	SE1	100	START	1549514505162	1549514505162
USER	SE1	102	START	1549514505660	1549514505660
REQUEST	66		Homepage	1549514493664	1549514506033	OK	 
USER	SE1	103	START	1549514506158	1549514506158
USER	SE2	104	START	1549514506158	1549514506158
REQUEST	67		Homepage	1549514494162	1549514506554	OK	 
USER	SE1	105	START	1549514506658	1549514506658
REQUEST	68		Homepage	1549514494162	1549514506723	OK	 
USER	SE2	107	START	1549514507159	1549514507159
USER	SE1	106	START	1549514507159	1549514507159
USER	SE1	108	START	1549514507663	1549514507663
USER	SE2	110	START	1549514508164	1549514508164
USER	SE1	109	START	1549514508164	1549514508164
REQUEST	69		Homepage	1549514494660	1549514508540	OK	 
USER	SE1	111	START	1549514508663	1549514508663
REQUEST	70		Homepage	1549514495161	1549514508969	OK	 
USER	SE2	113	START	1549514509160	1549514509160
USER	SE1	112	START	1549514509160	1549514509160
USER	SE1	114	START	1549514509660	1549514509660
USER	SE1	115	START	1549514510163	1549514510163
USER	SE2	116	START	1549514510163	1549514510163
USER	SE1	117	START	1549514510648	1549514510648
USER	SE1	118	START	1549514511149	1549514511149
USER	SE2	119	START	1549514511149	1549514511149
REQUEST	71		Homepage	1549514495161	1549514511465	OK	 
REQUEST	72		Homepage	1549514495659	1549514511512	OK	 
USER	SE1	120	START	1549514511660	1549514511660
USER	SE1	121	START	1549514512160	1549514512160
USER	SE2	122	START	1549514512160	1549514512160
USER	SE1	123	START	1549514512664	1549514512664
REQUEST	73		Homepage	1549514496159	1549514512814	OK	 
REQUEST	74		Homepage	1549514496159	1549514512831	OK	 
REQUEST	75		Homepage	1549514496660	1549514512970	OK	 
USER	SE2	125	START	1549514513159	1549514513159
USER	SE1	124	START	1549514513159	1549514513159
USER	SE1	126	START	1549514513658	1549514513658
USER	SE2	128	START	1549514514163	1549514514163
USER	SE1	127	START	1549514514163	1549514514163
USER	SE1	129	START	1549514514658	1549514514658
USER	SE1	130	START	1549514515163	1549514515163
USER	SE2	131	START	1549514515163	1549514515163
USER	SE1	132	START	1549514515649	1549514515649
REQUEST	76		Homepage	1549514497159	1549514515921	OK	 
USER	SE2	134	START	1549514516153	1549514516153
USER	SE1	133	START	1549514516153	1549514516153
REQUEST	77		Homepage	1549514497159	1549514516370	OK	 
USER	SE1	135	START	1549514516652	1549514516652
REQUEST	78		Homepage	1549514497662	1549514517021	OK	 
USER	SE1	136	START	1549514517149	1549514517149
USER	SE2	137	START	1549514517149	1549514517149
USER	SE1	138	START	1549514517658	1549514517658
USER	SE1	139	START	1549514518164	1549514518164
USER	SE2	140	START	1549514518164	1549514518164
USER	SE1	141	START	1549514518664	1549514518664
REQUEST	79		Homepage	1549514498165	1549514518964	OK	 
USER	SE2	143	START	1549514519162	1549514519162
USER	SE1	142	START	1549514519162	1549514519162
USER	SE1	144	START	1549514519662	1549514519662
REQUEST	1		SearchFlight	1549514499571	1549514519777	OK	 
USER	SE1	145	START	1549514520162	1549514520162
USER	SE2	146	START	1549514520162	1549514520162
REQUEST	83		Homepage	1549514499165	1549514520390	OK	 
REQUEST	80		Homepage	1549514498165	1549514520450	OK	 
USER	SE1	147	START	1549514520659	1549514520659
REQUEST	86		Homepage	1549514500160	1549514520674	OK	 
REQUEST	85		Homepage	1549514500160	1549514520709	OK	 
REQUEST	89		Homepage	1549514501164	1549514520851	OK	 
REQUEST	81		Homepage	1549514498659	1549514520898	OK	 
REQUEST	90		Homepage	1549514501663	1549514520969	OK	 
REQUEST	91		Homepage	1549514502165	1549514521153	OK	 
USER	SE2	149	START	1549514521163	1549514521163
USER	SE1	148	START	1549514521163	1549514521163
REQUEST	82		Homepage	1549514499165	1549514521302	OK	 
REQUEST	88		Homepage	1549514501164	1549514521369	OK	 
REQUEST	96		Homepage	1549514503650	1549514521406	OK	 
REQUEST	87		Homepage	1549514500661	1549514521410	OK	 
REQUEST	97		Homepage	1549514504149	1549514521492	OK	 
REQUEST	98		Homepage	1549514504149	1549514521615	OK	 
USER	SE1	150	START	1549514521654	1549514521654
REQUEST	99		Homepage	1549514504660	1549514521822	OK	 
REQUEST	84		Homepage	1549514499661	1549514522120	OK	 
REQUEST	100		Homepage	1549514505163	1549514522134	OK	 
USER	SE2	152	START	1549514522150	1549514522150
USER	SE1	151	START	1549514522150	1549514522150
REQUEST	101		Homepage	1549514505163	1549514522249	OK	 
REQUEST	103		Homepage	1549514506159	1549514522327	OK	 
USER	SE1	153	START	1549514522658	1549514522658
REQUEST	104		Homepage	1549514506159	1549514522663	OK	 
USER	SE1	154	START	1549514523163	1549514523163
USER	SE2	155	START	1549514523163	1549514523163
REQUEST	105		Homepage	1549514506659	1549514523357	OK	 
REQUEST	92		Homepage	1549514502165	1549514523382	OK	 
REQUEST	102		Homepage	1549514505661	1549514523612	OK	 
USER	SE1	156	START	1549514523652	1549514523652
REQUEST	108		Homepage	1549514507664	1549514524131	OK	 
USER	SE1	157	START	1549514524153	1549514524153
USER	SE2	158	START	1549514524153	1549514524153
REQUEST	106		Homepage	1549514507159	1549514524555	OK	 
USER	SE1	159	START	1549514524660	1549514524660
REQUEST	95		Homepage	1549514503163	1549514524673	OK	 
REQUEST	94		Homepage	1549514503163	1549514524729	OK	 
REQUEST	109		Homepage	1549514508165	1549514524938	OK	 
USER	SE1	160	START	1549514525159	1549514525159
USER	SE2	161	START	1549514525159	1549514525159
REQUEST	111		Homepage	1549514508663	1549514525329	OK	 
REQUEST	93		Homepage	1549514502663	1549514525427	OK	 
REQUEST	113		Homepage	1549514509161	1549514525537	OK	 
USER	SE1	162	START	1549514525660	1549514525660
REQUEST	114		Homepage	1549514509661	1549514525681	OK	 
REQUEST	115		Homepage	1549514510163	1549514526034	OK	 
REQUEST	116		Homepage	1549514510163	1549514526069	OK	 
USER	SE2	164	START	1549514526161	1549514526161
USER	SE1	163	START	1549514526161	1549514526161
REQUEST	117		Homepage	1549514510649	1549514526338	OK	 
REQUEST	118		Homepage	1549514511150	1549514526345	OK	 
USER	SE1	165	START	1549514526662	1549514526662
USER	SE1	166	START	1549514527161	1549514527161
USER	SE2	167	START	1549514527161	1549514527161
REQUEST	119		Homepage	1549514511150	1549514527442	OK	 
REQUEST	120		Homepage	1549514511660	1549514527466	OK	 
REQUEST	121		Homepage	1549514512161	1549514527653	OK	 
USER	SE1	168	START	1549514527663	1549514527663
USER	SE2	170	START	1549514528158	1549514528158
USER	SE1	169	START	1549514528158	1549514528158
USER	SE1	171	START	1549514528664	1549514528664
REQUEST	110		Homepage	1549514508165	1549514528676	OK	 
REQUEST	107		Homepage	1549514507159	1549514528709	OK	 
USER	SE1	172	START	1549514529162	1549514529162
USER	SE2	173	START	1549514529162	1549514529162
REQUEST	122		Homepage	1549514512161	1549514529229	OK	 
REQUEST	112		Homepage	1549514509161	1549514529238	OK	 
REQUEST	123		Homepage	1549514512665	1549514529249	OK	 
USER	SE1	174	START	1549514529663	1549514529663
USER	SE2	176	START	1549514530160	1549514530160
USER	SE1	175	START	1549514530160	1549514530160
USER	SE1	177	START	1549514530660	1549514530660
USER	SE2	179	START	1549514531161	1549514531161
USER	SE1	178	START	1549514531161	1549514531161
USER	SE1	180	START	1549514531664	1549514531664
USER	SE2	182	START	1549514532163	1549514532163
USER	SE1	181	START	1549514532163	1549514532163
USER	SE1	183	START	1549514532653	1549514532653
USER	SE2	185	START	1549514533149	1549514533149
USER	SE1	184	START	1549514533149	1549514533149
REQUEST	124		Homepage	1549514513159	1549514533507	OK	 
USER	SE1	186	START	1549514533662	1549514533662
REQUEST	125		Homepage	1549514513159	1549514534052	OK	 
USER	SE2	188	START	1549514534163	1549514534163
USER	SE1	187	START	1549514534163	1549514534163
REQUEST	127		Homepage	1549514514175	1549514534177	OK	 
REQUEST	128		Homepage	1549514514164	1549514534297	OK	 
USER	SE1	189	START	1549514534648	1549514534648
REQUEST	130		Homepage	1549514515164	1549514534975	OK	 
REQUEST	131		Homepage	1549514515164	1549514535080	OK	 
USER	SE2	191	START	1549514535148	1549514535148
USER	SE1	190	START	1549514535148	1549514535148
REQUEST	126		Homepage	1549514513660	1549514535465	OK	 
USER	SE1	192	START	1549514535659	1549514535659
REQUEST	132		Homepage	1549514515650	1549514535916	OK	 
REQUEST	129		Homepage	1549514514659	1549514536019	OK	 
USER	SE2	194	START	1549514536161	1549514536161
USER	SE1	193	START	1549514536161	1549514536161
USER	SE1	195	START	1549514536661	1549514536661
USER	SE2	197	START	1549514537159	1549514537159
USER	SE1	196	START	1549514537159	1549514537159
REQUEST	133		Homepage	1549514516153	1549514537455	OK	 
USER	SE1	198	START	1549514537662	1549514537662
REQUEST	134		Homepage	1549514516153	1549514537698	OK	 
REQUEST	135		Homepage	1549514516653	1549514537826	OK	 
USER	SE2	200	START	1549514538163	1549514538163
USER	SE1	199	START	1549514538163	1549514538163
USER	SE1	201	START	1549514538654	1549514538654
REQUEST	136		Homepage	1549514517150	1549514538935	OK	 
USER	SE1	202	START	1549514539149	1549514539149
USER	SE2	203	START	1549514539149	1549514539149
REQUEST	137		Homepage	1549514517150	1549514539205	OK	 
USER	SE1	204	START	1549514539662	1549514539662
REQUEST	138		Homepage	1549514517659	1549514540125	OK	 
USER	SE1	205	START	1549514540161	1549514540161
USER	SE2	206	START	1549514540161	1549514540161
REQUEST	139		Homepage	1549514518165	1549514540268	OK	 
REQUEST	140		Homepage	1549514518165	1549514540374	OK	 
REQUEST	141		Homepage	1549514518665	1549514540403	OK	 
REQUEST	142		Homepage	1549514519162	1549514540552	OK	 
REQUEST	143		Homepage	1549514519162	1549514540565	OK	 
USER	SE1	207	START	1549514540661	1549514540661
USER	SE2	209	START	1549514541160	1549514541160
USER	SE1	208	START	1549514541160	1549514541160
USER	SE1	210	START	1549514541658	1549514541658
USER	SE1	211	START	1549514542162	1549514542162
USER	SE2	212	START	1549514542162	1549514542162
USER	SE1	213	START	1549514542662	1549514542662
USER	SE1	214	START	1549514543163	1549514543163
USER	SE2	215	START	1549514543163	1549514543163
USER	SE1	216	START	1549514543658	1549514543658
USER	SE1	217	START	1549514544162	1549514544162
USER	SE2	218	START	1549514544162	1549514544162
REQUEST	144		Homepage	1549514519663	1549514544560	OK	 
USER	SE1	219	START	1549514544661	1549514544661
USER	SE2	221	START	1549514545161	1549514545161
USER	SE1	220	START	1549514545161	1549514545161
USER	SE1	222	START	1549514545659	1549514545659
USER	SE2	224	START	1549514546163	1549514546163
USER	SE1	223	START	1549514546163	1549514546163
USER	SE1	225	START	1549514546663	1549514546663
USER	SE2	227	START	1549514547158	1549514547158
USER	SE1	226	START	1549514547158	1549514547158
REQUEST	145		Homepage	1549514520162	1549514547175	OK	 
USER	SE1	228	START	1549514547663	1549514547663
USER	SE2	230	START	1549514548163	1549514548163
USER	SE1	229	START	1549514548163	1549514548163
USER	SE1	231	START	1549514548663	1549514548663
REQUEST	148		Homepage	1549514521164	1549514548725	OK	 
REQUEST	147		Homepage	1549514520659	1549514548740	OK	 
USER	SE1	232	START	1549514549159	1549514549159
USER	SE2	233	START	1549514549159	1549514549159
USER	SE1	234	START	1549514549658	1549514549658
REQUEST	146		Homepage	1549514520162	1549514549826	OK	 
USER	SE2	236	START	1549514550160	1549514550160
USER	SE1	235	START	1549514550160	1549514550160
USER	SE1	237	START	1549514550661	1549514550661
REQUEST	149		Homepage	1549514521164	1549514551141	OK	 
USER	SE1	238	START	1549514551158	1549514551158
USER	SE2	239	START	1549514551158	1549514551158
REQUEST	150		Homepage	1549514521654	1549514551617	OK	 
USER	SE1	240	START	1549514551662	1549514551662
USER	SE1	241	START	1549514552163	1549514552163
USER	SE2	242	START	1549514552163	1549514552163
USER	SE1	243	START	1549514552648	1549514552648
REQUEST	151		Homepage	1549514522150	1549514552723	OK	 
USER	SE2	245	START	1549514553154	1549514553154
USER	SE1	244	START	1549514553154	1549514553154
REQUEST	152		Homepage	1549514522150	1549514553209	OK	 
REQUEST	153		Homepage	1549514522659	1549514553553	OK	 
USER	SE1	246	START	1549514553659	1549514553659
USER	SE2	248	START	1549514554164	1549514554164
USER	SE1	247	START	1549514554164	1549514554164
USER	SE1	249	START	1549514554650	1549514554650
REQUEST	154		Homepage	1549514523163	1549514555114	OK	 
USER	SE1	250	START	1549514555152	1549514555152
USER	SE2	251	START	1549514555152	1549514555152
REQUEST	155		Homepage	1549514523163	1549514555296	OK	 
USER	SE1	252	START	1549514555664	1549514555664
REQUEST	156		Homepage	1549514523652	1549514555828	OK	 
REQUEST	157		Homepage	1549514524154	1549514555853	OK	 
USER	SE2	254	START	1549514556160	1549514556160
USER	SE1	253	START	1549514556160	1549514556160
USER	SE1	255	START	1549514556664	1549514556664
USER	SE2	257	START	1549514557159	1549514557159
USER	SE1	256	START	1549514557159	1549514557159
REQUEST	160		Homepage	1549514525159	1549514557543	OK	 
USER	SE1	258	START	1549514557660	1549514557660
USER	SE1	259	START	1549514558158	1549514558158
USER	SE2	260	START	1549514558159	1549514558159
USER	SE1	261	START	1549514558659	1549514558659
REQUEST	158		Homepage	1549514524154	1549514559125	OK	 
USER	SE2	263	START	1549514559161	1549514559161
USER	SE1	262	START	1549514559161	1549514559161
REQUEST	161		Homepage	1549514525159	1549514559425	OK	 
REQUEST	162		Homepage	1549514525661	1549514559423	KO	status.find.in(200,201,202,304), but actually found 503
REQUEST	159		Homepage	1549514524660	1549514559526	OK	 
REQUEST	163		Homepage	1549514526161	1549514559536	KO	status.find.in(200,201,202,304), but actually found 503
USER	SE1	264	START	1549514559659	1549514559659
USER	SE2	266	START	1549514560158	1549514560158
USER	SE1	265	START	1549514560158	1549514560158
REQUEST	166		Homepage	1549514527162	1549514560402	KO	status.find.in(200,201,202,304), but actually found 503
REQUEST	167		Homepage	1549514527162	1549514560414	KO	status.find.in(200,201,202,304), but actually found 503
USER	SE1	267	START	1549514560663	1549514560663
USER	SE1	268	START	1549514561163	1549514561163
USER	SE2	269	START	1549514561163	1549514561163
USER	SE1	270	START	1549514561648	1549514561648
REQUEST	169		Homepage	1549514528159	1549514561709	KO	status.find.in(200,201,202,304), but actually found 503
USER	SE2	272	START	1549514562154	1549514562154
USER	SE1	271	START	1549514562154	1549514562154
REQUEST	4		SearchFlight	1549514528969	1549514562629	KO	status.find.in(200,201,202,203,204,205,206,207,208,209,304), found 503
USER	SE1	273	START	1549514562663	1549514562663
REQUEST	171		Homepage	1549514528665	1549514562773	KO	status.find.in(200,201,202,304), but actually found 503
USER	SE2	275	START	1549514563160	1549514563160
USER	SE1	274	START	1549514563160	1549514563160
REQUEST	3		SearchFlight	1549514531961	1549514563551	KO	status.find.in(200,201,202,203,204,205,206,207,208,209,304), found 503
USER	SE1	276	START	1549514563662	1549514563662
REQUEST	177		Homepage	1549514530660	1549514564115	OK	 
USER	SE2	278	START	1549514564161	1549514564161
USER	SE1	277	START	1549514564161	1549514564161
USER	SE1	279	START	1549514564660	1549514564660
REQUEST	2		SearchFlight	1549514530729	1549514564969	KO	status.find.in(200,201,202,203,204,205,206,207,208,209,304), found 503
REQUEST	174		Homepage	1549514529663	1549514565067	OK	 
REQUEST	184		Homepage	1549514533150	1549514565077	OK	 
REQUEST	185		Homepage	1549514533150	1549514565143	KO	status.find.in(200,201,202,304), but actually found 503
USER	SE2	281	START	1549514565161	1549514565161
USER	SE1	280	START	1549514565161	1549514565161
USER	SE1	282	START	1549514565664	1549514565664
REQUEST	186		Homepage	1549514533662	1549514565975	KO	status.find.in(200,201,202,304), but actually found 503
USER	SE1	283	START	1549514566163	1549514566163
USER	SE2	284	START	1549514566163	1549514566163
USER	SE1	285	START	1549514566649	1549514566649
REQUEST	176		Homepage	1549514530161	1549514566949	OK	 
REQUEST	183		Homepage	1549514532653	1549514567060	OK	 
USER	SE1	286	START	1549514567152	1549514567152
USER	SE2	287	START	1549514567152	1549514567152
USER	SE1	288	START	1549514567661	1549514567661
REQUEST	15		SearchFlight	1549514537571	1549514568131	OK	 
USER	SE2	290	START	1549514568159	1549514568159
USER	SE1	289	START	1549514568159	1549514568159
USER	SE1	291	START	1549514568663	1549514568663
USER	SE1	292	START	1549514569161	1549514569161
USER	SE2	293	START	1549514569161	1549514569161
REQUEST	168		Homepage	1549514527663	1549514569273	OK	 
REQUEST	198		Homepage	1549514537663	1549514569273	KO	status.find.in(200,201,202,304), but actually found 503
REQUEST	181		Homepage	1549514532163	1549514569454	OK	 
USER	SE1	294	START	1549514569661	1549514569661
REQUEST	199		Homepage	1549514538173	1549514569850	KO	status.find.in(200,201,202,304), but actually found 503
REQUEST	192		Homepage	1549514535660	1549514570144	OK	 
USER	SE1	295	START	1549514570163	1549514570163
USER	SE2	296	START	1549514570163	1549514570163
USER	SE1	297	START	1549514570650	1549514570650
USER	SE2	299	START	1549514571148	1549514571148
USER	SE1	298	START	1549514571148	1549514571148
REQUEST	204		Homepage	1549514539662	1549514571341	OK	 
USER	SE1	300	START	1549514571664	1549514571664
REQUEST	6		SearchFlight	1549514532893	1549514571850	KO	status.find.in(200,201,202,203,204,205,206,207,208,209,304), found 503
USER	SE1	301	START	1549514572164	1549514572164
USER	SE2	302	START	1549514572164	1549514572164
REQUEST	213		Homepage	1549514542662	1549514572307	OK	 
REQUEST	196		Homepage	1549514537159	1549514572421	OK	 
USER	SE1	303	START	1549514572659	1549514572659
REQUEST	190		Homepage	1549514535149	1549514572905	KO	status.find.in(200,201,202,304), but actually found 503
REQUEST	207		Homepage	1549514540661	1549514572915	KO	status.find.in(200,201,202,304), but actually found 503
USER	SE2	305	START	1549514573162	1549514573162
USER	SE1	304	START	1549514573162	1549514573162
USER	SE1	306	START	1549514573662	1549514573662
USER	SE1	307	START	1549514574161	1549514574161
USER	SE2	308	START	1549514574161	1549514574161
REQUEST	9		SearchFlight	1549514536070	1549514574431	OK	 
USER	SE1	309	START	1549514574663	1549514574663
USER	SE1	310	START	1549514575162	1549514575162
USER	SE2	311	START	1549514575162	1549514575162
REQUEST	173		Homepage	1549514529162	1549514575313	KO	status.find.in(200,201,202,304), but actually found 503
USER	SE1	312	START	1549514575658	1549514575658
REQUEST	187		Homepage	1549514534163	1549514575989	OK	 
REQUEST	205		Homepage	1549514540162	1549514576010	KO	status.find.in(200,201,202,304), but actually found 503
USER	SE2	314	START	1549514576162	1549514576162
USER	SE1	313	START	1549514576162	1549514576162
REQUEST	197		Homepage	1549514537159	1549514576287	OK	 
REQUEST	217		Homepage	1549514544162	1549514576434	OK	 
USER	SE1	315	START	1549514576664	1549514576664
REQUEST	218		Homepage	1549514544162	1549514576748	OK	 
REQUEST	216		Homepage	1549514543659	1549514577012	KO	status.find.in(200,201,202,304), but actually found 503
USER	SE2	317	START	1549514577160	1549514577160
USER	SE1	316	START	1549514577160	1549514577160
USER	SE1	318	START	1549514577661	1549514577661
REQUEST	230		Homepage	1549514548163	1549514577792	OK	 
USER	SE2	320	START	1549514578158	1549514578158
USER	SE1	319	START	1549514578158	1549514578158
REQUEST	221		Homepage	1549514545161	1549514578410	OK	 
USER	SE1	321	START	1549514578660	1549514578660
REQUEST	224		Homepage	1549514546164	1549514578757	OK	 
USER	SE2	323	START	1549514579162	1549514579162
USER	SE1	322	START	1549514579162	1549514579162
REQUEST	232		Homepage	1549514549160	1549514579509	OK	 
USER	SE1	324	START	1549514579659	1549514579659
REQUEST	191		Homepage	1549514535149	1549514579757	OK	 
USER	SE2	326	START	1549514580160	1549514580160
USER	SE1	325	START	1549514580159	1549514580159
REQUEST	229		Homepage	1549514548163	1549514580486	OK	 
USER	SE1	327	START	1549514580664	1549514580664
USER	SE2	329	START	1549514581161	1549514581161
USER	SE1	328	START	1549514581161	1549514581161
REQUEST	208		Homepage	1549514541160	1549514581223	OK	 
USER	SE1	330	START	1549514581660	1549514581660
REQUEST	165		Homepage	1549514526662	1549514581662	KO	status.find.in(200,201,202,304), but actually found 503
USER	SE2	332	START	1549514582162	1549514582162
USER	SE1	331	START	1549514582162	1549514582162
REQUEST	175		Homepage	1549514530161	1549514582466	KO	status.find.in(200,201,202,304), but actually found 503
REQUEST	225		Homepage	1549514546663	1549514582500	KO	status.find.in(200,201,202,304), but actually found 503
REQUEST	210		Homepage	1549514541659	1549514582549	KO	status.find.in(200,201,202,304), but actually found 503
USER	SE1	333	START	1549514582664	1549514582664
REQUEST	223		Homepage	1549514546164	1549514582911	KO	status.find.in(200,201,202,304), but actually found 503
REQUEST	212		Homepage	1549514542162	1549514583057	KO	status.find.in(200,201,202,304), but actually found 503
USER	SE2	335	START	1549514583162	1549514583162
USER	SE1	334	START	1549514583162	1549514583162
REQUEST	235		Homepage	1549514550160	1549514583211	KO	status.find.in(200,201,202,304), but actually found 503
REQUEST	178		Homepage	1549514531161	1549514583369	KO	status.find.in(200,201,202,304), but actually found 503
REQUEST	5		SearchFlight	1549514536151	1549514583477	KO	status.find.in(200,201,202,203,204,205,206,207,208,209,304), found 503
REQUEST	237		Homepage	1549514550662	1549514583610	KO	status.find.in(200,201,202,304), but actually found 503
USER	SE1	336	START	1549514583659	1549514583659
REQUEST	226		Homepage	1549514547159	1549514583678	KO	status.find.in(200,201,202,304), but actually found 503
REQUEST	238		Homepage	1549514551159	1549514584124	KO	status.find.in(200,201,202,304), but actually found 503
USER	SE1	337	START	1549514584161	1549514584161
USER	SE2	338	START	1549514584161	1549514584161
USER	SE1	339	START	1549514584659	1549514584659
REQUEST	222		Homepage	1549514545659	1549514584770	OK	 
REQUEST	244		Homepage	1549514553154	1549514584785	OK	 
REQUEST	236		Homepage	1549514550160	1549514584873	OK	 
REQUEST	188		Homepage	1549514534163	1549514585060	OK	 
USER	SE1	340	START	1549514585162	1549514585162
USER	SE2	341	START	1549514585162	1549514585162
REQUEST	234		Homepage	1549514549659	1549514585578	KO	status.find.in(200,201,202,304), but actually found 503
USER	SE1	342	START	1549514585664	1549514585664
REQUEST	241		Homepage	1549514552164	1549514585881	KO	status.find.in(200,201,202,304), but actually found 503
REQUEST	164		Homepage	1549514526161	1549514586162	KO	i.g.h.c.i.RequestTimeoutException: Request timeout to cheeze-flight-booker.herokuapp.com/35.170.37.11:443 after 60000 ms
USER	SE2	344	START	1549514586162	1549514586162
USER	SE1	343	START	1549514586162	1549514586162
REQUEST	206		Homepage	1549514540162	1549514586308	KO	status.find.in(200,201,202,304), but actually found 503
REQUEST	189		Homepage	1549514534649	1549514586311	KO	status.find.in(200,201,202,304), but actually found 503
REQUEST	170		Homepage	1549514528159	1549514586444	KO	status.find.in(200,201,202,304), but actually found 503
USER	SE1	345	START	1549514586659	1549514586659
REQUEST	172		Homepage	1549514529162	1549514586738	KO	status.find.in(200,201,202,304), but actually found 503
REQUEST	243		Homepage	1549514552649	1549514587088	KO	status.find.in(200,201,202,304), but actually found 503
USER	SE2	347	START	1549514587159	1549514587159
USER	SE1	346	START	1549514587159	1549514587159
USER	SE1	348	START	1549514587662	1549514587662
REQUEST	239		Homepage	1549514551159	1549514587815	OK	 
REQUEST	233		Homepage	1549514549160	1549514587851	OK	 
REQUEST	246		Homepage	1549514553660	1549514587867	OK	 
REQUEST	260		Homepage	1549514558169	1549514587875	OK	 
REQUEST	202		Homepage	1549514539150	1549514587886	OK	 
USER	SE2	350	START	1549514588160	1549514588160
USER	SE1	349	START	1549514588160	1549514588160
REQUEST	220		Homepage	1549514545161	1549514588177	OK	 
REQUEST	7		SearchFlight	1549514563562	1549514588185	OK	 
REQUEST	242		Homepage	1549514552164	1549514588200	OK	 
REQUEST	280		Homepage	1549514565161	1549514588215	OK	 
REQUEST	323		Homepage	1549514579163	1549514588331	OK	 
REQUEST	227		Homepage	1549514547159	1549514588339	OK	 
REQUEST	281		Homepage	1549514565161	1549514588447	OK	 
REQUEST	288		Homepage	1549514567661	1549514588486	OK	 
REQUEST	273		Homepage	1549514562674	1549514588507	OK	 
REQUEST	291		Homepage	1549514568664	1549514588512	OK	 
REQUEST	252		Homepage	1549514555664	1549514588537	OK	 
REQUEST	209		Homepage	1549514541160	1549514588537	OK	 
REQUEST	266		Homepage	1549514560159	1549514588592	OK	 
REQUEST	290		Homepage	1549514568159	1549514588609	OK	 
USER	SE1	351	START	1549514588659	1549514588659
REQUEST	13		SearchFlight	1549514550559	1549514588670	OK	 
REQUEST	289		Homepage	1549514568159	1549514588916	OK	 
USER	SE2	353	START	1549514589159	1549514589159
USER	SE1	352	START	1549514589159	1549514589159
USER	SE1	354	START	1549514589660	1549514589660
REQUEST	292		Homepage	1549514569161	1549514589761	OK	 
REQUEST	271		Homepage	1549514562154	1549514589796	OK	 
REQUEST	294		Homepage	1549514569661	1549514589804	OK	 
REQUEST	16		SearchFlight	1549514563764	1549514589897	OK	 
REQUEST	272		Homepage	1549514562154	1549514589908	OK	 
REQUEST	276		Homepage	1549514563662	1549514589922	OK	 
REQUEST	257		Homepage	1549514557159	1549514589948	OK	 
REQUEST	261		Homepage	1549514558659	1549514589952	OK	 
REQUEST	305		Homepage	1549514573163	1549514589964	OK	 
REQUEST	303		Homepage	1549514572660	1549514589972	OK	 
USER	SE2	356	START	1549514590161	1549514590161
USER	SE1	355	START	1549514590161	1549514590161
REQUEST	10		SearchFlight	1549514573550	1549514590286	OK	 
REQUEST	203		Homepage	1549514539150	1549514590334	OK	 
REQUEST	270		Homepage	1549514561659	1549514590339	OK	 
REQUEST	201		Homepage	1549514538654	1549514590374	OK	 
REQUEST	287		Homepage	1549514567153	1549514590400	OK	 
REQUEST	274		Homepage	1549514563160	1549514590409	OK	 
REQUEST	314		Homepage	1549514576162	1549514590421	OK	 
REQUEST	319		Homepage	1549514578159	1549514590421	OK	 
REQUEST	231		Homepage	1549514548663	1549514590421	OK	 
REQUEST	214		Homepage	1549514543164	1549514590427	OK	 
REQUEST	302		Homepage	1549514572164	1549514590429	OK	 
REQUEST	8		SearchFlight	1549514578132	1549514590463	OK	 
REQUEST	313		Homepage	1549514576162	1549514590469	OK	 
REQUEST	211		Homepage	1549514542162	1549514590510	OK	 
REQUEST	268		Homepage	1549514561164	1549514590602	OK	 
USER	SE1	357	START	1549514590659	1549514590659
REQUEST	254		Homepage	1549514556160	1549514590692	KO	status.find.in(200,201,202,304), but actually found 503
REQUEST	34		SearchFlight	1549514578602	1549514590716	OK	 
REQUEST	328		Homepage	1549514581161	1549514590802	OK	 
REQUEST	215		Homepage	1549514543164	1549514590806	OK	 
REQUEST	179		Homepage	1549514531161	1549514591161	KO	i.g.h.c.i.RequestTimeoutException: Request timeout to cheeze-flight-booker.herokuapp.com/35.170.37.11:443 after 60000 ms
USER	SE2	359	START	1549514591162	1549514591162
USER	SE1	358	START	1549514591162	1549514591162
REQUEST	299		Homepage	1549514571149	1549514591203	OK	 
REQUEST	267		Homepage	1549514560663	1549514591247	OK	 
REQUEST	259		Homepage	1549514558159	1549514591449	OK	 
REQUEST	324		Homepage	1549514579659	1549514591456	OK	 
USER	SE1	360	START	1549514591658	1549514591658
REQUEST	180		Homepage	1549514531665	1549514591665	KO	i.g.h.c.i.RequestTimeoutException: Request timeout to cheeze-flight-booker.herokuapp.com/35.169.241.252:443 after 60000 ms
REQUEST	321		Homepage	1549514578660	1549514591985	OK	 
REQUEST	12		SearchFlight	1549514582343	1549514592079	OK	 
REQUEST	182		Homepage	1549514532163	1549514592163	KO	i.g.h.c.i.RequestTimeoutException: Request timeout to cheeze-flight-booker.herokuapp.com/35.170.37.11:443 after 60000 ms
REQUEST	306		Homepage	1549514573662	1549514592192	OK	 
REQUEST	322		Homepage	1549514579163	1549514592234	OK	 
REQUEST	263		Homepage	1549514559161	1549514592263	KO	status.find.in(200,201,202,304), but actually found 503
REQUEST	317		Homepage	1549514577160	1549514592264	OK	 
REQUEST	335		Homepage	1549514583163	1549514592290	OK	 
REQUEST	326		Homepage	1549514580160	1549514592301	OK	 
REQUEST	325		Homepage	1549514580160	1549514592584	OK	 
REQUEST	336		Homepage	1549514583659	1549514592655	OK	 
REQUEST	30		SearchFlight	1549514583533	1549514592901	OK	 
REQUEST	200		Homepage	1549514538163	1549514592949	OK	 
REQUEST	248		Homepage	1549514554165	1549514592992	KO	status.find.in(200,201,202,304), but actually found 503
REQUEST	194		Homepage	1549514536162	1549514592997	OK	 
REQUEST	315		Homepage	1549514576664	1549514593020	OK	 
REQUEST	19		SearchFlight	1549514576200	1549514593271	OK	 
REQUEST	284		Homepage	1549514566164	1549514593340	OK	 
REQUEST	282		Homepage	1549514565665	1549514593416	OK	 
REQUEST	333		Homepage	1549514582664	1549514593502	OK	 
REQUEST	318		Homepage	1549514577662	1549514593513	OK	 
REQUEST	27		SearchFlight	1549514586220	1549514593520	OK	 
REQUEST	312		Homepage	1549514575659	1549514593534	OK	 
REQUEST	219		Homepage	1549514544662	1549514594034	OK	 
REQUEST	277		Homepage	1549514564162	1549514594136	OK	 
REQUEST	193		Homepage	1549514536162	1549514594140	OK	 
REQUEST	250		Homepage	1549514555153	1549514594214	OK	 
REQUEST	320		Homepage	1549514578159	1549514594677	OK	 
REQUEST	255		Homepage	1549514556665	1549514594879	OK	 
REQUEST	285		Homepage	1549514566649	1549514594904	OK	 
REQUEST	334		Homepage	1549514583163	1549514594904	OK	 
REQUEST	253		Homepage	1549514556160	1549514594912	OK	 
REQUEST	22		SearchFlight	1549514580849	1549514594932	OK	 
REQUEST	195		Homepage	1549514536661	1549514595088	OK	 
REQUEST	28		SearchFlight	1549514566660	1549514595193	OK	 
REQUEST	310		Homepage	1549514575162	1549514595198	OK	 
REQUEST	304		Homepage	1549514573163	1549514595204	OK	 
REQUEST	245		Homepage	1549514553154	1549514595204	KO	status.find.in(200,201,202,304), but actually found 503
REQUEST	316		Homepage	1549514577160	1549514595214	OK	 
REQUEST	275		Homepage	1549514563160	1549514595287	OK	 
REQUEST	251		Homepage	1549514555153	1549514595310	OK	 
REQUEST	283		Homepage	1549514566163	1549514595366	OK	 
REQUEST	301		Homepage	1549514572164	1549514595642	OK	 
REQUEST	256		Homepage	1549514557159	1549514595717	OK	 
REQUEST	18		SearchFlight	1549514579875	1549514595961	OK	 
REQUEST	240		Homepage	1549514551662	1549514596043	OK	 
REQUEST	341		Homepage	1549514585163	1549514596083	OK	 
REQUEST	339		Homepage	1549514584660	1549514596278	OK	 
REQUEST	269		Homepage	1549514561164	1549514596386	OK	 
REQUEST	25		SearchFlight	1549514581061	1549514596492	OK	 
REQUEST	293		Homepage	1549514569161	1549514596626	OK	 
REQUEST	258		Homepage	1549514557660	1549514596671	OK	 
REQUEST	297		Homepage	1549514570650	1549514596697	OK	 
REQUEST	228		Homepage	1549514547664	1549514596728	OK	 
REQUEST	344		Homepage	1549514586163	1549514596868	OK	 
REQUEST	307		Homepage	1549514574161	1549514596968	OK	 
REQUEST	298		Homepage	1549514571149	1549514597014	OK	 
REQUEST	353		Homepage	1549514589160	1549514597365	OK	 
REQUEST	296		Homepage	1549514570164	1549514597376	OK	 
REQUEST	295		Homepage	1549514570164	1549514597380	OK	 
REQUEST	343		Homepage	1549514586163	1549514597385	OK	 
USER	SE1	2	END	1549514472704	1549514598203
REQUEST	352		Homepage	1549514589160	1549514598441	OK	 
REQUEST	265		Homepage	1549514560169	1549514598604	OK	 
REQUEST	331		Homepage	1549514582162	1549514598943	OK	 
REQUEST	300		Homepage	1549514571665	1549514598994	OK	 
REQUEST	332		Homepage	1549514582162	1549514599038	OK	 
REQUEST	311		Homepage	1549514575162	1549514599314	OK	 
REQUEST	278		Homepage	1549514564162	1549514599435	KO	status.find.in(200,201,202,304), but actually found 503
REQUEST	330		Homepage	1549514581661	1549514600006	OK	 
USER	SE1	1	END	1549514472166	1549514600492
USER	SE1	3	END	1549514473212	1549514600492
REQUEST	286		Homepage	1549514567153	1549514601012	OK	 
REQUEST	349		Homepage	1549514588160	1549514601078	OK	 
REQUEST	309		Homepage	1549514574664	1549514601687	OK	 
USER	SE1	5	END	1549514474214	1549514602581
REQUEST	308		Homepage	1549514574161	1549514603950	OK	 
REQUEST	279		Homepage	1549514564661	1549514604464	OK	 
REQUEST	356		Homepage	1549514590161	1549514604533	OK	 
REQUEST	345		Homepage	1549514586659	1549514605196	OK	 
USER	SE1	4	END	1549514473708	1549514605938
REQUEST	43		SearchFlight	1549514590903	1549514613684	OK	 
REQUEST	358		Homepage	1549514591162	1549514614155	OK	 
REQUEST	247		Homepage	1549514554165	1549514614165	KO	i.g.h.c.i.RequestTimeoutException: Request timeout to cheeze-flight-booker.herokuapp.com/52.54.218.210:443 after 60000 ms
REQUEST	359		Homepage	1549514591162	1549514614505	OK	 
REQUEST	249		Homepage	1549514554651	1549514614652	KO	i.g.h.c.i.RequestTimeoutException: Request timeout to cheeze-flight-booker.herokuapp.com/54.210.223.189:443 after 60000 ms
REQUEST	264		Homepage	1549514559672	1549514615883	OK	 
REQUEST	262		Homepage	1549514559161	1549514619163	KO	i.g.h.c.i.RequestTimeoutException: Request timeout to cheeze-flight-booker.herokuapp.com/54.236.102.155:443 after 60000 ms
REQUEST	45		SearchFlight	1549514592182	1549514620122	OK	 
REQUEST	51		SearchFlight	1549514593929	1549514626099	KO	status.find.in(200,201,202,203,204,205,206,207,208,209,304), found 503
USER	SE1	15	END	1549514476653	1549514626354
REQUEST	360		Homepage	1549514591659	1549514626882	KO	status.find.in(200,201,202,304), but actually found 503
REQUEST	340		Homepage	1549514585163	1549514627715	KO	status.find.in(200,201,202,304), but actually found 503
REQUEST	337		Homepage	1549514584161	1549514628008	KO	status.find.in(200,201,202,304), but actually found 503
REQUEST	36		SearchFlight	1549514597799	1549514628097	KO	status.find.in(200,201,202,203,204,205,206,207,208,209,304), found 503
REQUEST	329		Homepage	1549514581161	1549514628235	KO	status.find.in(200,201,202,304), but actually found 503
REQUEST	61		SearchFlight	1549514597819	1549514628356	KO	status.find.in(200,201,202,203,204,205,206,207,208,209,304), found 503
REQUEST	49		SearchFlight	1549514597809	1549514628366	KO	status.find.in(200,201,202,203,204,205,206,207,208,209,304), found 503
REQUEST	24		SearchFlight	1549514597809	1549514628392	KO	status.find.in(200,201,202,203,204,205,206,207,208,209,304), found 503
REQUEST	355		Homepage	1549514590161	1549514628401	KO	status.find.in(200,201,202,304), but actually found 503
REQUEST	39		SearchFlight	1549514597864	1549514628405	KO	status.find.in(200,201,202,203,204,205,206,207,208,209,304), found 503
REQUEST	162		SearchFlight	1549514597879	1549514628410	KO	status.find.in(200,201,202,203,204,205,206,207,208,209,304), found 503
REQUEST	17		SearchFlight	1549514598223	1549514628592	KO	status.find.in(200,201,202,203,204,205,206,207,208,209,304), found 503
REQUEST	58		SearchFlight	1549514599912	1549514630348	KO	status.find.in(200,201,202,203,204,205,206,207,208,209,304), found 503
REQUEST	33		SearchFlight	1549514598192	1549514630731	KO	status.find.in(200,201,202,203,204,205,206,207,208,209,304), found 503
REQUEST	351		Homepage	1549514588659	1549514630964	KO	status.find.in(200,201,202,304), but actually found 503
REQUEST	55		SearchFlight	1549514597799	1549514631103	KO	status.find.in(200,201,202,203,204,205,206,207,208,209,304), found 503
REQUEST	354		Homepage	1549514589660	1549514632449	OK	 
REQUEST	112		SearchFlight	1549514611321	1549514632741	OK	 
REQUEST	40		SearchFlight	1549514610453	1549514632774	OK	 
REQUEST	37		SearchFlight	1549514599933	1549514633789	OK	 
REQUEST	241		SearchFlight	1549514606762	1549514634278	OK	 
REQUEST	26		SearchFlight	1549514610399	1549514634308	OK	 
REQUEST	64		SearchFlight	1549514599922	1549514634366	KO	status.find.in(200,201,202,203,204,205,206,207,208,209,304), found 503
REQUEST	117		SearchFlight	1549514608459	1549514634562	OK	 
REQUEST	72		SearchFlight	1549514600529	1549514634697	OK	 
REQUEST	175		SearchFlight	1549514602581	1549514634913	OK	 
REQUEST	186		SearchFlight	1549514604143	1549514635898	KO	status.find.in(200,201,202,203,204,205,206,207,208,209,304), found 503
REQUEST	199		SearchFlight	1549514599922	1549514636300	KO	status.find.in(200,201,202,203,204,205,206,207,208,209,304), found 503
REQUEST	120		SearchFlight	1549514599969	1549514636393	KO	status.find.in(200,201,202,203,204,205,206,207,208,209,304), found 503
REQUEST	342		Homepage	1549514585664	1549514636494	OK	 
REQUEST	169		SearchFlight	1549514602922	1549514636540	KO	status.find.in(200,201,202,203,204,205,206,207,208,209,304), found 503
REQUEST	348		Homepage	1549514587663	1549514636907	OK	 
REQUEST	198		SearchFlight	1549514599489	1549514636931	OK	 
REQUEST	54		SearchFlight	1549514623091	1549514636980	OK	 
REQUEST	73		SearchFlight	1549514604143	1549514637172	OK	 
REQUEST	75		SearchFlight	1549514603269	1549514637487	OK	 
REQUEST	234		SearchFlight	1549514608444	1549514637536	OK	 
REQUEST	79		SearchFlight	1549514602273	1549514637574	OK	 
REQUEST	81		SearchFlight	1549514601469	1549514637704	OK	 
REQUEST	171		SearchFlight	1549514604074	1549514638064	OK	 
REQUEST	93		SearchFlight	1549514608374	1549514638182	OK	 
REQUEST	109		SearchFlight	1549514608411	1549514638282	OK	 
REQUEST	88		SearchFlight	1549514604303	1549514638874	OK	 
REQUEST	237		SearchFlight	1549514606841	1549514639413	OK	 
REQUEST	52		SearchFlight	1549514599922	1549514639534	OK	 
REQUEST	327		Homepage	1549514580665	1549514640666	KO	i.g.h.c.i.RequestTimeoutException: Request timeout to cheeze-flight-booker.herokuapp.com/52.6.103.192:443 after 60000 ms
REQUEST	57		SearchFlight	1549514596561	1549514641070	OK	 
REQUEST	11		SearchFlight	1549514605269	1549514641084	OK	 
REQUEST	48		SearchFlight	1549514625862	1549514641541	OK	 
REQUEST	82		SearchFlight	1549514601734	1549514642104	OK	 
REQUEST	243		SearchFlight	1549514608492	1549514642617	OK	 
REQUEST	6		SelectFlight	1549514611251	1549514642628	KO	css((h1:contains('Book Flight'),None)).find.exists, found nothing
USER	SE1	16	END	1549514477152	1549514642744
REQUEST	338		Homepage	1549514584161	1549514644161	KO	i.g.h.c.i.RequestTimeoutException: Request timeout to cheeze-flight-booker.herokuapp.com/54.236.166.251:443 after 60000 ms
REQUEST	96		SearchFlight	1549514601759	1549514645875	OK	 
REQUEST	87		SearchFlight	1549514601833	1549514646387	OK	 
REQUEST	69		SearchFlight	1549514602074	1549514646519	OK	 
REQUEST	357		Homepage	1549514590660	1549514646806	OK	 
REQUEST	346		Homepage	1549514587159	1549514646994	OK	 
REQUEST	347		Homepage	1549514587159	1549514647160	KO	i.g.h.c.i.RequestTimeoutException: Request timeout to cheeze-flight-booker.herokuapp.com/54.236.166.251:443 after 60000 ms
REQUEST	210		SearchFlight	1549514602672	1549514647447	OK	 
REQUEST	350		Homepage	1549514588160	1549514648117	KO	status.find.in(200,201,202,304), but actually found 503
REQUEST	42		SearchFlight	1549514598223	1549514648635	OK	 
USER	SE1	28	END	1549514481162	1549514648879
USER	SE1	51	END	1549514488659	1549514649560
REQUEST	123		SearchFlight	1549514615124	1549514649752	OK	 
REQUEST	70		SearchFlight	1549514613513	1549514650013	OK	 
REQUEST	20		SearchFlight	1549514606050	1549514650352	OK	 
REQUEST	85		SearchFlight	1549514606062	1549514650553	OK	 
REQUEST	115		SearchFlight	1549514624064	1549514650746	OK	 
REQUEST	108		SearchFlight	1549514631702	1549514651156	OK	 
REQUEST	91		SearchFlight	1549514611112	1549514651754	OK	 
REQUEST	94		SearchFlight	1549514606819	1549514651933	OK	 
USER	SE1	9	END	1549514474661	1549514651994
REQUEST	60		SearchFlight	1549514608459	1549514652160	OK	 
REQUEST	23		SearchFlight	1549514606553	1549514652644	OK	 
REQUEST	14		SearchFlight	1549514636563	1549514652834	OK	 
REQUEST	63		SearchFlight	1549514598500	1549514653114	OK	 
REQUEST	103		SearchFlight	1549514602981	1549514653280	OK	 
REQUEST	189		SearchFlight	1549514610453	1549514653316	OK	 
REQUEST	148		SearchFlight	1549514645050	1549514653480	OK	 
REQUEST	105		SearchFlight	1549514642139	1549514653773	OK	 
REQUEST	133		SearchFlight	1549514641223	1549514654006	OK	 
REQUEST	106		SearchFlight	1549514610340	1549514654047	OK	 
REQUEST	225		SearchFlight	1549514602970	1549514654122	OK	 
REQUEST	190		SearchFlight	1549514643928	1549514654155	OK	 
REQUEST	99		SearchFlight	1549514602922	1549514654266	OK	 
REQUEST	177		SearchFlight	1549514648093	1549514654550	OK	 
REQUEST	50		SearchFlight	1549514642149	1549514654563	OK	 
REQUEST	235		SearchFlight	1549514605189	1549514654819	OK	 
REQUEST	212		SearchFlight	1549514642250	1549514655197	OK	 
USER	SE1	30	END	1549514481661	1549514655299
REQUEST	78		SearchFlight	1549514603072	1549514655392	OK	 
REQUEST	113		SearchFlight	1549514644371	1549514655561	OK	 
REQUEST	35		SearchFlight	1549514647734	1549514655705	OK	 
REQUEST	138		SearchFlight	1549514651089	1549514655871	OK	 
REQUEST	67		SearchFlight	1549514602203	1549514656009	OK	 
REQUEST	116		SearchFlight	1549514648304	1549514656183	OK	 
REQUEST	44		SearchFlight	1549514648319	1549514656189	OK	 
REQUEST	135		SearchFlight	1549514651929	1549514657125	OK	 
REQUEST	46		SearchFlight	1549514597830	1549514657266	OK	 
REQUEST	174		SearchFlight	1549514651493	1549514657333	OK	 
USER	SE1	162	END	1549514525660	1549514657540
REQUEST	74		SearchFlight	1549514649410	1549514657564	OK	 
USER	SE1	24	END	1549514479650	1549514657599
REQUEST	165		SearchFlight	1549514603414	1549514657633	OK	 
REQUEST	153		SearchFlight	1549514644312	1549514657734	OK	 
REQUEST	154		SearchFlight	1549514651471	1549514657802	OK	 
REQUEST	163		SearchFlight	1549514598419	1549514657834	KO	status.find.in(200,201,202,203,204,205,206,207,208,209,304), found 503
REQUEST	166		SearchFlight	1549514598270	1549514657858	OK	 
REQUEST	66		SearchFlight	1549514603519	1549514658095	OK	 
REQUEST	100		SearchFlight	1549514603519	1549514658556	OK	 
USER	SE1	39	END	1549514484663	1549514658683
REQUEST	38		SearchFlight	1549514644334	1549514658687	OK	 
REQUEST	132		SearchFlight	1549514641969	1549514658977	OK	 
USER	SE1	61	END	1549514492163	1549514658983
USER	SE1	13	END	1549514476163	1549514658994
REQUEST	104		SearchFlight	1549514642351	1549514659165	OK	 
REQUEST	136		SearchFlight	1549514651541	1549514659274	OK	 
REQUEST	126		SearchFlight	1549514642250	1549514659423	OK	 
REQUEST	147		SearchFlight	1549514642463	1549514659617	OK	 
REQUEST	159		SearchFlight	1549514652209	1549514660291	OK	 
REQUEST	337		SearchFlight	1549514652010	1549514660340	OK	 
REQUEST	21		SearchFlight	1549514600470	1549514660471	KO	i.g.h.c.i.RequestTimeoutException: Request timeout to cheeze-flight-booker.herokuapp.com/52.20.250.191:443 after 60000 ms
REQUEST	205		SearchFlight	1549514600518	1549514660519	KO	i.g.h.c.i.RequestTimeoutException: Request timeout to cheeze-flight-booker.herokuapp.com/52.6.103.192:443 after 60000 ms
REQUEST	59		SearchFlight	1549514644382	1549514660623	OK	 
REQUEST	97		SearchFlight	1549514603519	1549514660771	OK	 
REQUEST	111		SearchFlight	1549514655354	1549514660906	OK	 
REQUEST	76		SearchFlight	1549514601092	1549514661092	KO	i.g.h.c.i.RequestTimeoutException: Request timeout to cheeze-flight-booker.herokuapp.com/54.210.223.189:443 after 60000 ms
REQUEST	156		SearchFlight	1549514651869	1549514661883	OK	 
REQUEST	101		SearchFlight	1549514642862	1549514662023	OK	 
USER	SE1	36	END	1549514483661	1549514662158
USER	SE1	19	END	1549514478159	1549514662158
REQUEST	56		SearchFlight	1549514656051	1549514662470	OK	 
REQUEST	31		SearchFlight	1549514602581	1549514662582	KO	i.g.h.c.i.RequestTimeoutException: Request timeout to cheeze-flight-booker.herokuapp.com/52.20.250.191:443 after 60000 ms
REQUEST	216		SearchFlight	1549514603519	1549514662655	OK	 
USER	SE1	186	END	1549514533662	1549514663478
ERROR	BookFlight: Failed to build request: No attribute named 'authToken' is defined 	1549514663509
REQUEST	84		SearchFlight	1549514603519	1549514663519	KO	i.g.h.c.i.RequestTimeoutException: Request timeout to cheeze-flight-booker.herokuapp.com/54.210.223.189:443 after 60000 ms
REQUEST	145		SearchFlight	1549514647232	1549514663665	OK	 
USER	SE1	199	END	1549514538163	1549514664203
USER	SE1	64	END	1549514493151	1549514664218
USER	SE1	55	END	1549514490162	1549514664284
REQUEST	178		SearchFlight	1549514606808	1549514664296	KO	status.find.in(200,201,202,203,204,205,206,207,208,209,304), found 503
USER	SE1	34	END	1549514483150	1549514664341
REQUEST	157		SearchFlight	1549514646501	1549514664530	OK	 
REQUEST	98		SearchFlight	1549514643784	1549514665080	OK	 
USER	SE1	169	END	1549514528158	1549514665559
USER	SE1	120	END	1549514511660	1549514668990
USER	SE1	12	END	1549514475659	1549514669463
USER	SE1	10	END	1549514475161	1549514670442
USER	SE1	27	END	1549514480659	1549514670462
REQUEST	144		SearchFlight	1549514654363	1549514670901	OK	 
USER	SE1	33	END	1549514482648	1549514670911
USER	SE1	58	END	1549514491161	1549514673164
REQUEST	238		SearchFlight	1549514655148	1549514676993	OK	 
REQUEST	102		SearchFlight	1549514654629	1549514677578	OK	 
REQUEST	285		SearchFlight	1549514657833	1549514681947	OK	 
REQUEST	118		SearchFlight	1549514656412	1549514686890	KO	status.find.in(200,201,202,203,204,205,206,207,208,209,304), found 503
REQUEST	223		SearchFlight	1549514652021	1549514689875	KO	status.find.in(200,201,202,203,204,205,206,207,208,209,304), found 503
REQUEST	360		SearchFlight	1549514658094	1549514689887	KO	status.find.in(200,201,202,203,204,205,206,207,208,209,304), found 503
REQUEST	151		SearchFlight	1549514655879	1549514689952	KO	status.find.in(200,201,202,203,204,205,206,207,208,209,304), found 503
REQUEST	89		SearchFlight	1549514657929	1549514689987	KO	status.find.in(200,201,202,203,204,205,206,207,208,209,304), found 503
REQUEST	124		SearchFlight	1549514656530	1549514689990	KO	status.find.in(200,201,202,203,204,205,206,207,208,209,304), found 503
REQUEST	226		SearchFlight	1549514654704	1549514690003	KO	status.find.in(200,201,202,203,204,205,206,207,208,209,304), found 503
REQUEST	253		SearchFlight	1549514659462	1549514690003	KO	status.find.in(200,201,202,203,204,205,206,207,208,209,304), found 503
REQUEST	183		SearchFlight	1549514659509	1549514690005	KO	status.find.in(200,201,202,203,204,205,206,207,208,209,304), found 503
REQUEST	77		SearchFlight	1549514659521	1549514690022	KO	status.find.in(200,201,202,203,204,205,206,207,208,209,304), found 503
REQUEST	17		SelectFlight	1549514651950	1549514690516	KO	css((h1:contains('Book Flight'),None)).find.exists, found nothing
REQUEST	173		SearchFlight	1549514660858	1549514691310	KO	status.find.in(200,201,202,203,204,205,206,207,208,209,304), found 503
REQUEST	114		SearchFlight	1549514656714	1549514691435	KO	status.find.in(200,201,202,203,204,205,206,207,208,209,304), found 503
REQUEST	213		SearchFlight	1549514660089	1549514691504	KO	status.find.in(200,201,202,203,204,205,206,207,208,209,304), found 503
REQUEST	160		SearchFlight	1549514661464	1549514691948	KO	status.find.in(200,201,202,203,204,205,206,207,208,209,304), found 503
REQUEST	168		SearchFlight	1549514661454	1549514691948	KO	status.find.in(200,201,202,203,204,205,206,207,208,209,304), found 503
REQUEST	92		SearchFlight	1549514661742	1549514692133	KO	status.find.in(200,201,202,203,204,205,206,207,208,209,304), found 503
REQUEST	53		SearchFlight	1549514660858	1549514692188	KO	status.find.in(200,201,202,203,204,205,206,207,208,209,304), found 503
REQUEST	129		SearchFlight	1549514655564	1549514692281	KO	status.find.in(200,201,202,203,204,205,206,207,208,209,304), found 503
REQUEST	315		SearchFlight	1549514661329	1549514692656	KO	status.find.in(200,201,202,203,204,205,206,207,208,209,304), found 503
REQUEST	71		SearchFlight	1549514663329	1549514693585	KO	status.find.in(200,201,202,203,204,205,206,207,208,209,304), found 503
REQUEST	86		SearchFlight	1549514662851	1549514694509	KO	status.find.in(200,201,202,203,204,205,206,207,208,209,304), found 503
REQUEST	276		SearchFlight	1549514666788	1549514698017	KO	status.find.in(200,201,202,203,204,205,206,207,208,209,304), found 503
REQUEST	271		SearchFlight	1549514666784	1549514699205	KO	status.find.in(200,201,202,203,204,205,206,207,208,209,304), found 503
USER	SE1	49	END	1549514488158	1549514699358
REQUEST	249		SearchFlight	1549514667587	1549514699713	KO	status.find.in(200,201,202,203,204,205,206,207,208,209,304), found 503
REQUEST	107		SearchFlight	1549514642383	1549514700049	KO	status.find.in(200,201,202,203,204,205,206,207,208,209,304), found 503
REQUEST	324		SearchFlight	1549514672669	1549514700523	OK	 
REQUEST	119		SearchFlight	1549514663100	1549514700729	OK	 
REQUEST	150		SearchFlight	1549514664192	1549514700849	OK	 
REQUEST	196		SearchFlight	1549514662383	1549514700929	OK	 
REQUEST	280		SearchFlight	1549514667849	1549514701005	OK	 
REQUEST	274		SearchFlight	1549514669033	1549514701382	OK	 
REQUEST	336		SearchFlight	1549514670659	1549514701668	OK	 
REQUEST	41		SearchFlight	1549514662304	1549514701822	KO	status.find.in(200,201,202,203,204,205,206,207,208,209,304), found 503
REQUEST	270		SearchFlight	1549514681069	1549514701879	OK	 
REQUEST	130		SearchFlight	1549514665992	1549514701999	OK	 
REQUEST	192		SearchFlight	1549514665559	1549514702052	KO	status.find.in(200,201,202,203,204,205,206,207,208,209,304), found 503
REQUEST	68		SearchFlight	1549514662999	1549514702261	OK	 
REQUEST	141		SearchFlight	1549514669844	1549514702329	OK	 
REQUEST	180		SearchFlight	1549514649571	1549514702434	OK	 
REQUEST	161		SearchFlight	1549514669431	1549514702697	OK	 
REQUEST	127		SearchFlight	1549514664289	1549514702758	OK	 
REQUEST	195		SearchFlight	1549514665329	1549514702812	OK	 
REQUEST	139		SearchFlight	1549514669340	1549514702834	KO	status.find.in(200,201,202,203,204,205,206,207,208,209,304), found 503
REQUEST	247		SearchFlight	1549514655310	1549514703286	OK	 
REQUEST	273		SearchFlight	1549514665774	1549514703880	OK	 
REQUEST	7		SelectFlight	1549514666220	1549514704079	OK	 
USER	SE1	18	END	1549514477659	1549514704099
REQUEST	282		SearchFlight	1549514657540	1549514704229	OK	 
REQUEST	220		SearchFlight	1549514665639	1549514704259	KO	status.find.in(200,201,202,203,204,205,206,207,208,209,304), found 503
REQUEST	90		SearchFlight	1549514651999	1549514704278	OK	 
REQUEST	313		SearchFlight	1549514668121	1549514704357	OK	 
REQUEST	351		SearchFlight	1549514664569	1549514704724	OK	 
REQUEST	262		SearchFlight	1549514664479	1549514705152	OK	 
REQUEST	29		SearchFlight	1549514664521	1549514705732	OK	 
REQUEST	184		SearchFlight	1549514679949	1549514705795	OK	 
REQUEST	240		SearchFlight	1549514663474	1549514706227	OK	 
REQUEST	179		SearchFlight	1549514669431	1549514706729	OK	 
REQUEST	259		SearchFlight	1549514669452	1549514707030	OK	 
USER	SE1	76	END	1549514497158	1549514707073
REQUEST	214		SearchFlight	1549514669478	1549514707230	OK	 
REQUEST	140		SearchFlight	1549514669769	1549514707404	KO	status.find.in(200,201,202,203,204,205,206,207,208,209,304), found 503
REQUEST	231		SearchFlight	1549514669691	1549514707546	OK	 
REQUEST	325		SearchFlight	1549514670670	1549514707757	OK	 
REQUEST	217		SearchFlight	1549514668249	1549514707837	KO	status.find.in(200,201,202,203,204,205,206,207,208,209,304), found 503
REQUEST	355		SearchFlight	1549514657540	1549514707892	OK	 
REQUEST	244		SearchFlight	1549514686923	1549514707927	OK	 
REQUEST	291		SearchFlight	1549514665881	1549514708004	OK	 
REQUEST	206		SearchFlight	1549514659009	1549514708095	OK	 
REQUEST	62		SearchFlight	1549514669452	1549514708711	OK	 
REQUEST	245		SearchFlight	1549514667333	1549514708806	OK	 
REQUEST	142		SearchFlight	1549514668409	1549514709066	OK	 
REQUEST	208		SearchFlight	1549514665554	1549514709129	OK	 
REQUEST	167		SearchFlight	1549514665913	1549514709189	OK	 
REQUEST	294		SearchFlight	1549514668191	1549514709226	OK	 
REQUEST	172		SearchFlight	1549514657758	1549514709336	OK	 
REQUEST	289		SearchFlight	1549514666098	1549514709834	OK	 
REQUEST	207		SearchFlight	1549514626630	1549514709842	OK	 
REQUEST	65		SearchFlight	1549514674304	1549514709893	OK	 
REQUEST	121		SearchFlight	1549514658674	1549514709947	OK	 
REQUEST	185		SearchFlight	1549514669011	1549514709973	OK	 
REQUEST	261		SearchFlight	1549514669271	1549514710055	OK	 
REQUEST	122		SearchFlight	1549514669643	1549514710223	OK	 
REQUEST	322		SearchFlight	1549514698533	1549514710330	OK	 
REQUEST	306		SearchFlight	1549514672113	1549514710650	OK	 
REQUEST	256		SearchFlight	1549514698930	1549514710843	OK	 
REQUEST	204		SearchFlight	1549514668990	1549514710906	KO	status.find.in(200,201,202,203,204,205,206,207,208,209,304), found 503
REQUEST	128		SearchFlight	1549514664564	1549514710914	OK	 
REQUEST	319		SearchFlight	1549514699332	1549514711029	OK	 
USER	SE1	205	END	1549514540161	1549514711068
REQUEST	47		SearchFlight	1549514651074	1549514711074	KO	i.g.h.c.i.RequestTimeoutException: Request timeout to cheeze-flight-booker.herokuapp.com/54.236.166.251:443 after 60000 ms
REQUEST	152		SearchFlight	1549514699704	1549514711091	OK	 
REQUEST	137		SearchFlight	1549514669452	1549514711308	OK	 
REQUEST	316		SearchFlight	1549514699908	1549514711418	OK	 
REQUEST	228		SearchFlight	1549514699989	1549514711473	OK	 
REQUEST	229		SearchFlight	1549514667290	1549514711541	KO	status.find.in(200,201,202,203,204,205,206,207,208,209,304), found 503
REQUEST	340		SearchFlight	1549514663153	1549514711914	OK	 
REQUEST	327		SearchFlight	1549514663269	1549514712121	OK	 
USER	SE1	223	END	1549514546163	1549514712349
USER	SE2	6	END	1549514472211	1549514712361
REQUEST	250		SearchFlight	1549514699134	1549514712417	OK	 
USER	SE1	226	END	1549514547158	1549514712435
REQUEST	246		SearchFlight	1549514666199	1549514713611	OK	 
REQUEST	146		SearchFlight	1549514662372	1549514713825	KO	status.find.in(200,201,202,203,204,205,206,207,208,209,304), found 503
USER	SE1	118	END	1549514511149	1549514713881
REQUEST	297		SearchFlight	1549514701222	1549514713926	OK	 
USER	SE1	132	END	1549514515649	1549514714311
REQUEST	303		SearchFlight	1549514667540	1549514714652	OK	 
USER	SE1	43	END	1549514486159	1549514715089
USER	SE1	253	END	1549514556160	1549514715149
REQUEST	352		SearchFlight	1549514671451	1549514715483	OK	 
REQUEST	219		SearchFlight	1549514681711	1549514716786	OK	 
REQUEST	83		SearchFlight	1549514664011	1549514717409	OK	 
USER	SE1	114	END	1549514509660	1549514717551
REQUEST	193		SearchFlight	1549514698899	1549514717588	OK	 
USER	SE1	241	END	1549514552163	1549514717758
USER	SE1	66	END	1549514493663	1549514717758
USER	SE1	129	END	1549514514658	1549514717893
USER	SE1	235	END	1549514550160	1549514717908
USER	SE1	31	END	1549514482163	1549514717919
USER	SE1	22	END	1549514479163	1549514717930
REQUEST	310		SearchFlight	1549514699490	1549514717933	OK	 
USER	SE1	72	END	1549514495659	1549514717999
USER	SE1	37	END	1549514484164	1549514718010
USER	SE1	54	END	1549514489664	1549514718080
USER	SE1	117	END	1549514510648	1549514718080
USER	SE1	40	END	1549514485161	1549514718101
USER	SE1	112	END	1549514509160	1549514718101
REQUEST	288		SearchFlight	1549514665741	1549514718573	OK	 
USER	SE1	160	END	1549514525159	1549514718624
USER	SE1	315	END	1549514576664	1549514718799
REQUEST	248		SearchFlight	1549514670292	1549514718859	OK	 
REQUEST	330		SearchFlight	1549514704989	1549514719066	OK	 
USER	SE1	25	END	1549514480153	1549514719198
REQUEST	300		SearchFlight	1549514702700	1549514719494	OK	 
REQUEST	333		SearchFlight	1549514684479	1549514719603	OK	 
REQUEST	176		SearchFlight	1549514704593	1549514719871	OK	 
USER	SE1	73	END	1549514496158	1549514720131
USER	SE1	79	END	1549514498164	1549514720329
USER	SE1	178	END	1549514531161	1549514720340
REQUEST	80		SearchFlight	1549514673671	1549514720372	OK	 
USER	SE1	198	END	1549514537662	1549514720484
USER	SE1	151	END	1549514522150	1549514720532
USER	SE1	183	END	1549514532653	1549514720541
USER	SE1	175	END	1549514530160	1549514720633
USER	SE1	45	END	1549514486661	1549514720644
REQUEST	164		SearchFlight	1549514675002	1549514720660	OK	 
REQUEST	201		SearchFlight	1549514669441	1549514720963	OK	 
USER	SE1	81	END	1549514498658	1549514721021
USER	SE1	234	END	1549514549658	1549514721090
REQUEST	329		SearchFlight	1549514706110	1549514721277	OK	 
USER	SE1	46	END	1549514487160	1549514721448
USER	SE1	271	END	1549514562154	1549514721459
USER	SE1	124	END	1549514513159	1549514722174
REQUEST	110		SearchFlight	1549514670442	1549514722237	OK	 
REQUEST	26		SelectFlight	1549514701802	1549514722248	OK	 
USER	SE1	93	END	1549514502663	1549514722333
REQUEST	304		SearchFlight	1549514675092	1549514722521	OK	 
REQUEST	307		SearchFlight	1549514700499	1549514722534	OK	 
REQUEST	170		SearchFlight	1549514675002	1549514722549	OK	 
REQUEST	309		SearchFlight	1549514705763	1549514722586	OK	 
REQUEST	8		SelectFlight	1549514671532	1549514722863	OK	 
REQUEST	277		SearchFlight	1549514680729	1549514723028	OK	 
REQUEST	202		SearchFlight	1549514701953	1549514723142	OK	 
REQUEST	302		SearchFlight	1549514710431	1549514723186	OK	 
REQUEST	131		SearchFlight	1549514710158	1549514723287	OK	 
USER	SE1	168	END	1549514527663	1549514723623
REQUEST	287		SearchFlight	1549514710431	1549514723780	OK	 
USER	SE1	21	END	1549514478664	1549514723860
USER	SE1	249	END	1549514554650	1549514723860
REQUEST	134		SearchFlight	1549514701942	1549514724717	OK	 
REQUEST	222		SearchFlight	1549514664872	1549514724873	KO	i.g.h.c.i.RequestTimeoutException: Request timeout to cheeze-flight-booker.herokuapp.com/54.174.122.89:443 after 60000 ms
REQUEST	263		SearchFlight	1549514664893	1549514724893	KO	i.g.h.c.i.RequestTimeoutException: Request timeout to cheeze-flight-booker.herokuapp.com/54.236.166.251:443 after 60000 ms
REQUEST	209		SearchFlight	1549514711011	1549514725948	OK	 
REQUEST	292		SearchFlight	1549514666681	1549514726682	KO	i.g.h.c.i.RequestTimeoutException: Request timeout to cheeze-flight-booker.herokuapp.com/54.164.102.190:443 after 60000 ms
REQUEST	305		SearchFlight	1549514711022	1549514726813	OK	 
REQUEST	14		SelectFlight	1549514712264	1549514726975	OK	 
REQUEST	260		SearchFlight	1549514711879	1549514727228	OK	 
REQUEST	268		SearchFlight	1549514672679	1549514727671	OK	 
REQUEST	343		SearchFlight	1549514701953	1549514728827	OK	 
USER	SE1	163	END	1549514526161	1549514728829
REQUEST	155		SearchFlight	1549514711439	1549514728914	OK	 
USER	SE1	220	END	1549514545161	1549514728989
REQUEST	32		SearchFlight	1549514647504	1549514730516	OK	 
USER	SE1	192	END	1549514535659	1549514730619
USER	SE1	171	END	1549514528664	1549514730630
REQUEST	11		SelectFlight	1549514713289	1549514730676	OK	 
USER	SE1	123	END	1549514512664	1549514730823
REQUEST	44		SelectFlight	1549514714219	1549514730977	OK	 
REQUEST	298		SearchFlight	1549514711381	1549514731230	OK	 
USER	SE1	243	END	1549514552648	1549514731281
USER	SE1	139	END	1549514518164	1549514731281
USER	SE1	148	END	1549514521163	1549514731292
REQUEST	290		SearchFlight	1549514711011	1549514731612	OK	 
USER	SE1	52	END	1549514489160	1549514732569
USER	SE1	360	END	1549514591658	1549514732761
REQUEST	221		SearchFlight	1549514716999	1549514732955	OK	 
REQUEST	242		SearchFlight	1549514717870	1549514733092	OK	 
USER	SE1	84	END	1549514499661	1549514733140
REQUEST	197		SearchFlight	1549514710819	1549514733323	OK	 
USER	SE1	82	END	1549514499164	1549514733364
REQUEST	278		SearchFlight	1549514718624	1549514733397	OK	 
USER	SE1	237	END	1549514550661	1549514733743
USER	SE1	69	END	1549514494659	1549514733759
USER	SE1	42	END	1549514485664	1549514733791
USER	SE1	276	END	1549514563662	1549514733791
USER	SE1	87	END	1549514500661	1549514733824
REQUEST	188		SearchFlight	1549514719311	1549514734238	OK	 
REQUEST	254		SearchFlight	1549514719599	1549514734272	OK	 
REQUEST	143		SearchFlight	1549514718613	1549514734282	OK	 
REQUEST	224		SearchFlight	1549514711370	1549514735279	OK	 
REQUEST	230		SearchFlight	1549514711370	1549514735511	OK	 
REQUEST	89		SelectFlight	1549514712344	1549514736228	OK	 
REQUEST	149		SearchFlight	1549514711439	1549514736643	OK	 
USER	SE1	57	END	1549514490661	1549514736812
USER	SE1	210	END	1549514541658	1549514736823
ERROR	BookFlight: Failed to build request: No attribute named 'authToken' is defined 	1549514737264
