RUN	learngatling.Wm1	wm1	1548163082327	 	3.0.2
USER	SE	1	START	1548163086399	1548163086399
REQUEST	1		Homepage	1548163086426	1548163087995	OK	 
USER	SE	2	START	1548163088414	1548163088414
USER	SE	3	START	1548163090395	1548163090395
REQUEST	2		Homepage	1548163088415	1548163090667	OK	 
REQUEST	3		Homepage	1548163090397	1548163091676	OK	 
USER	SE	4	START	1548163092393	1548163092393
USER	SE	5	START	1548163094420	1548163094420
REQUEST	4		Homepage	1548163092394	1548163094820	OK	 
REQUEST	5		Homepage	1548163094422	1548163096928	OK	 
REQUEST	1		SearchFlight	1548163106346	1548163106760	OK	 
REQUEST	2		SearchFlight	1548163108248	1548163108513	OK	 
REQUEST	3		SearchFlight	1548163108791	1548163109067	OK	 
REQUEST	4		SearchFlight	1548163114094	1548163114630	OK	 
REQUEST	1		SelectFlight	1548163118307	1548163118638	OK	 
REQUEST	5		SearchFlight	1548163119847	1548163120110	OK	 
REQUEST	2		SelectFlight	1548163120025	1548163120290	OK	 
REQUEST	3		SelectFlight	1548163120655	1548163121094	OK	 
REQUEST	4		SelectFlight	1548163126296	1548163126727	OK	 
REQUEST	1		BookFlight	1548163130173	1548163130618	KO	status.find.in(200,201,202,203,204,205,206,207,208,209,304), found 422
REQUEST	5		SelectFlight	1548163131667	1548163132020	OK	 
USER	SE	1	END	1548163086399	1548163132023
REQUEST	2		BookFlight	1548163132015	1548163132264	KO	status.find.in(200,201,202,203,204,205,206,207,208,209,304), found 422
REQUEST	3		BookFlight	1548163132634	1548163132901	KO	status.find.in(200,201,202,203,204,205,206,207,208,209,304), found 422
USER	SE	2	END	1548163088414	1548163133486
USER	SE	3	END	1548163090395	1548163134305
REQUEST	4		BookFlight	1548163138469	1548163138892	KO	status.find.in(200,201,202,203,204,205,206,207,208,209,304), found 422
USER	SE	4	END	1548163092393	1548163140144
REQUEST	5		BookFlight	1548163143491	1548163143728	KO	status.find.in(200,201,202,203,204,205,206,207,208,209,304), found 422
USER	SE	5	END	1548163094420	1548163145234
